Using pre-set license
Built from '2022.3/staging' branch; Version is '2022.3.8f1 (b5eafc012955) revision 11922172'; Using compiler version '192829333'; Build Type 'Release'
OS: 'Windows 11  (10.0.22621) 64bit Professional' Language: 'en' Physical Memory: 16004 MB
BatchMode: 1, IsHumanControllingUs: 0, StartBugReporterOnCrash: 0, Is64bit: 1, IsPro: 1

COMMAND LINE ARGUMENTS:
C:\Program Files\Unity\Hub\Editor\2022.3.8f1\Editor\Unity.exe
-adb2
-batchMode
-noUpm
-name
AssetImportWorker3
-projectPath
C:/Users/shiven/Desktop/Projects/Balls_game/Darker Forests
-logFile
Logs/AssetImportWorker3.log
-srvPort
53389
Successfully changed project path to: C:/Users/shiven/Desktop/Projects/Balls_game/Darker Forests
C:/Users/shiven/Desktop/Projects/Balls_game/Darker Forests
[UnityMemory] Configuration Parameters - Can be set up in boot.config
    "memorysetup-bucket-allocator-granularity=16"
    "memorysetup-bucket-allocator-bucket-count=8"
    "memorysetup-bucket-allocator-block-size=33554432"
    "memorysetup-bucket-allocator-block-count=8"
    "memorysetup-main-allocator-block-size=16777216"
    "memorysetup-thread-allocator-block-size=16777216"
    "memorysetup-gfx-main-allocator-block-size=16777216"
    "memorysetup-gfx-thread-allocator-block-size=16777216"
    "memorysetup-cache-allocator-block-size=4194304"
    "memorysetup-typetree-allocator-block-size=2097152"
    "memorysetup-profiler-bucket-allocator-granularity=16"
    "memorysetup-profiler-bucket-allocator-bucket-count=8"
    "memorysetup-profiler-bucket-allocator-block-size=33554432"
    "memorysetup-profiler-bucket-allocator-block-count=8"
    "memorysetup-profiler-allocator-block-size=16777216"
    "memorysetup-profiler-editor-allocator-block-size=1048576"
    "memorysetup-temp-allocator-size-main=16777216"
    "memorysetup-job-temp-allocator-block-size=2097152"
    "memorysetup-job-temp-allocator-block-size-background=1048576"
    "memorysetup-job-temp-allocator-reduction-small-platforms=262144"
    "memorysetup-allocator-temp-initial-block-size-main=262144"
    "memorysetup-allocator-temp-initial-block-size-worker=262144"
    "memorysetup-temp-allocator-size-background-worker=32768"
    "memorysetup-temp-allocator-size-job-worker=262144"
    "memorysetup-temp-allocator-size-preload-manager=33554432"
    "memorysetup-temp-allocator-size-nav-mesh-worker=65536"
    "memorysetup-temp-allocator-size-audio-worker=65536"
    "memorysetup-temp-allocator-size-cloud-worker=32768"
    "memorysetup-temp-allocator-size-gi-baking-worker=262144"
    "memorysetup-temp-allocator-size-gfx=262144"
Player connection [37700] Host "[IP] 172.28.80.1 [Port] 0 [Flags] 2 [Guid] 2362668840 [EditorId] 2362668840 [Version] 1048832 [Id] WindowsEditor(7,LAPTOP-COECOK03) [Debug] 1 [PackageName] WindowsEditor [ProjectName] Editor" joined multi-casting on [225.0.0.222:54997]...

Player connection [37700] Host "[IP] 172.28.80.1 [Port] 0 [Flags] 2 [Guid] 2362668840 [EditorId] 2362668840 [Version] 1048832 [Id] WindowsEditor(7,LAPTOP-COECOK03) [Debug] 1 [PackageName] WindowsEditor [ProjectName] Editor" joined alternative multi-casting on [225.0.0.222:34997]...

[Physics::Module] Initialized MultithreadedJobDispatcher with 19 workers.
Refreshing native plugins compatible for Editor in 10.69 ms, found 3 plugins.
Preloading 0 native plugins for Editor in 0.00 ms.
Initialize engine version: 2022.3.8f1 (b5eafc012955)
[Subsystems] Discovering subsystems at path C:/Program Files/Unity/Hub/Editor/2022.3.8f1/Editor/Data/Resources/UnitySubsystems
[Subsystems] Discovering subsystems at path C:/Users/shiven/Desktop/Projects/Balls_game/Darker Forests/Assets
GfxDevice: creating device client; threaded=0; jobified=0
Direct3D:
    Version:  Direct3D 11.0 [level 11.1]
    Renderer: NVIDIA GeForce RTX 3060 Laptop GPU (ID=0x2520)
    Vendor:   NVIDIA
    VRAM:     6010 MB
    Driver:   31.0.15.4628
Initialize mono
Mono path[0] = 'C:/Program Files/Unity/Hub/Editor/2022.3.8f1/Editor/Data/Managed'
Mono path[1] = 'C:/Program Files/Unity/Hub/Editor/2022.3.8f1/Editor/Data/MonoBleedingEdge/lib/mono/unityjit-win32'
Mono config path = 'C:/Program Files/Unity/Hub/Editor/2022.3.8f1/Editor/Data/MonoBleedingEdge/etc'
Using monoOptions --debugger-agent=transport=dt_socket,embedding=1,server=y,suspend=n,address=127.0.0.1:56816
Begin MonoManager ReloadAssembly
Registering precompiled unity dll's ...
Register platform support module: C:/Program Files/Unity/Hub/Editor/2022.3.8f1/Editor/Data/PlaybackEngines/WebGLSupport/UnityEditor.WebGL.Extensions.dll
Register platform support module: C:/Program Files/Unity/Hub/Editor/2022.3.8f1/Editor/Data/PlaybackEngines/WindowsStandaloneSupport/UnityEditor.WindowsStandalone.Extensions.dll
Registered in 0.011801 seconds.
- Loaded All Assemblies, in  0.510 seconds
Native extension for WindowsStandalone target not found
Native extension for WebGL target not found
Mono: successfully reloaded assembly
- Finished resetting the current domain, in  0.350 seconds
Domain Reload Profiling: 858ms
	BeginReloadAssembly (155ms)
		ExecutionOrderSort (0ms)
		DisableScriptedObjects (0ms)
		BackupInstance (0ms)
		ReleaseScriptingObjects (0ms)
		CreateAndSetChildDomain (1ms)
	RebuildCommonClasses (48ms)
	RebuildNativeTypeToScriptingClass (13ms)
	initialDomainReloadingComplete (90ms)
	LoadAllAssembliesAndSetupDomain (202ms)
		LoadAssemblies (152ms)
		RebuildTransferFunctionScriptingTraits (0ms)
		AnalyzeDomain (199ms)
			TypeCache.Refresh (197ms)
				TypeCache.ScanAssembly (178ms)
			ScanForSourceGeneratedMonoScriptInfo (1ms)
			ResolveRequiredComponents (1ms)
	FinalizeReload (350ms)
		ReleaseScriptCaches (0ms)
		RebuildScriptCaches (0ms)
		SetupLoadedEditorAssemblies (269ms)
			LogAssemblyErrors (0ms)
			InitializePlatformSupportModulesInManaged (14ms)
			SetLoadedEditorAssemblies (10ms)
			RefreshPlugins (0ms)
			BeforeProcessingInitializeOnLoad (3ms)
			ProcessInitializeOnLoadAttributes (178ms)
			ProcessInitializeOnLoadMethodAttributes (65ms)
			AfterProcessingInitializeOnLoad (0ms)
			EditorAssembliesLoaded (0ms)
		ExecutionOrderSort2 (0ms)
		AwakeInstancesAfterBackupRestoration (0ms)
========================================================================
Worker process is ready to serve import requests
Begin MonoManager ReloadAssembly
- Loaded All Assemblies, in  0.867 seconds
Refreshing native plugins compatible for Editor in 8.44 ms, found 3 plugins.
Native extension for WindowsStandalone target not found
Native extension for WebGL target not found
Package Manager log level set to [2]
[Package Manager] Server::EnsureServerProcessIsRunning -- launch failed, reason: Unity was launched with the -noUpm command-line argument
[Package Manager] UpmClient::Send -- Unable to send message (not connected to UPM process).
[Package Manager] Cannot connect to Unity Package Manager local server
Mono: successfully reloaded assembly
- Finished resetting the current domain, in  0.913 seconds
Domain Reload Profiling: 1776ms
	BeginReloadAssembly (197ms)
		ExecutionOrderSort (0ms)
		DisableScriptedObjects (6ms)
		BackupInstance (0ms)
		ReleaseScriptingObjects (0ms)
		CreateAndSetChildDomain (27ms)
	RebuildCommonClasses (43ms)
	RebuildNativeTypeToScriptingClass (14ms)
	initialDomainReloadingComplete (61ms)
	LoadAllAssembliesAndSetupDomain (548ms)
		LoadAssemblies (415ms)
		RebuildTransferFunctionScriptingTraits (0ms)
		AnalyzeDomain (249ms)
			TypeCache.Refresh (221ms)
				TypeCache.ScanAssembly (201ms)
			ScanForSourceGeneratedMonoScriptInfo (20ms)
			ResolveRequiredComponents (5ms)
	FinalizeReload (914ms)
		ReleaseScriptCaches (0ms)
		RebuildScriptCaches (0ms)
		SetupLoadedEditorAssemblies (700ms)
			LogAssemblyErrors (0ms)
			InitializePlatformSupportModulesInManaged (10ms)
			SetLoadedEditorAssemblies (7ms)
			RefreshPlugins (0ms)
			BeforeProcessingInitializeOnLoad (86ms)
			ProcessInitializeOnLoadAttributes (562ms)
			ProcessInitializeOnLoadMethodAttributes (25ms)
			AfterProcessingInitializeOnLoad (10ms)
			EditorAssembliesLoaded (0ms)
		ExecutionOrderSort2 (0ms)
		AwakeInstancesAfterBackupRestoration (11ms)
Launched and connected shader compiler UnityShaderCompiler.exe after 0.07 seconds
Refreshing native plugins compatible for Editor in 7.21 ms, found 3 plugins.
Preloading 0 native plugins for Editor in 0.00 ms.
Unloading 3240 Unused Serialized files (Serialized files now loaded: 0)
Unloading 38 unused Assets / (0.8 MB). Loaded Objects now: 3721.
Memory consumption went from 147.7 MB to 146.9 MB.
Total: 5.657700 ms (FindLiveObjects: 0.253100 ms CreateObjectMapping: 0.118500 ms MarkObjects: 4.830900 ms  DeleteObjects: 0.453400 ms)

AssetImportParameters requested are different than current active one (requested -> active):
  custom:container-demuxer-ogg: 62fdf1f143b41e24485cea50d1cbac27 -> 
  custom:video-codec-MediaFoundation-h265: 746d11721c4dcdbdad8f713fa42b33f4 -> 
  custom:scripting/monoscript/fileName/StartMenu.cs: 7d1582c31bfdff718250d949bb9d988f -> 2c6352739cbf1a92185b9315fcfa5506
  custom:video-decoder-ogg-theora: a1e56fd34408186e4bbccfd4996cb3dc -> 
  custom:framework-win-MediaFoundation: 216162199b28c13a410421893ffa2e32 -> 
  custom:CustomObjectIndexerAttribute: 756ad292c208cfabdd7b50bc23989ffe -> 
  custom:container-demuxer-webm: 4f35f7cbe854078d1ac9338744f61a02 -> 
  custom:container-muxer-webm: aa71ff27fc2769a1b78a27578f13a17b -> 
  custom:video-decoder-webm-vp8: 9c59270c3fd7afecdb556c50c9e8de78 -> 
  custom:SearchIndexIgnoredProperties: e643bd26f0fe6173181afceb89e7c659 -> 
  custom:AudioImporter_EditorPlatform: d09bf68614088b80899f8185d706f6e7 -> 
  custom:video-encoder-webm-vp8: eb34c28f22e8b96e1ab97ce403110664 -> 
  custom:audio-decoder-ogg-vorbis: bf7c407c2cedff20999df2af8eb42d56 -> 
  custom:audio-encoder-webm-vorbis: bf7c407c2cedff20999df2af8eb42d56 -> 
========================================================================
Received Prepare
Begin MonoManager ReloadAssembly
- Loaded All Assemblies, in  0.584 seconds
Refreshing native plugins compatible for Editor in 4.03 ms, found 3 plugins.
Native extension for WindowsStandalone target not found
Native extension for WebGL target not found
[Package Manager] Server::EnsureServerProcessIsRunning -- launch failed, reason: Unity was launched with the -noUpm command-line argument
[Package Manager] UpmClient::Send -- Unable to send message (not connected to UPM process).
[Package Manager] Cannot connect to Unity Package Manager local server
Mono: successfully reloaded assembly
- Finished resetting the current domain, in  1.580 seconds
Domain Reload Profiling: 2160ms
	BeginReloadAssembly (203ms)
		ExecutionOrderSort (0ms)
		DisableScriptedObjects (7ms)
		BackupInstance (0ms)
		ReleaseScriptingObjects (0ms)
		CreateAndSetChildDomain (43ms)
	RebuildCommonClasses (50ms)
	RebuildNativeTypeToScriptingClass (14ms)
	initialDomainReloadingComplete (38ms)
	LoadAllAssembliesAndSetupDomain (274ms)
		LoadAssemblies (368ms)
		RebuildTransferFunctionScriptingTraits (0ms)
		AnalyzeDomain (17ms)
			TypeCache.Refresh (9ms)
				TypeCache.ScanAssembly (0ms)
			ScanForSourceGeneratedMonoScriptInfo (0ms)
			ResolveRequiredComponents (6ms)
	FinalizeReload (1580ms)
		ReleaseScriptCaches (0ms)
		RebuildScriptCaches (0ms)
		SetupLoadedEditorAssemblies (497ms)
			LogAssemblyErrors (0ms)
			InitializePlatformSupportModulesInManaged (10ms)
			SetLoadedEditorAssemblies (7ms)
			RefreshPlugins (0ms)
			BeforeProcessingInitializeOnLoad (92ms)
			ProcessInitializeOnLoadAttributes (352ms)
			ProcessInitializeOnLoadMethodAttributes (25ms)
			AfterProcessingInitializeOnLoad (9ms)
			EditorAssembliesLoaded (0ms)
		ExecutionOrderSort2 (0ms)
		AwakeInstancesAfterBackupRestoration (12ms)
Refreshing native plugins compatible for Editor in 6.98 ms, found 3 plugins.
Preloading 0 native plugins for Editor in 0.00 ms.
Unloading 3189 Unused Serialized files (Serialized files now loaded: 0)
Unloading 29 unused Assets / (0.8 MB). Loaded Objects now: 3724.
Memory consumption went from 136.2 MB to 135.4 MB.
Total: 5.025000 ms (FindLiveObjects: 0.370900 ms CreateObjectMapping: 0.237500 ms MarkObjects: 4.059800 ms  DeleteObjects: 0.354400 ms)

Prepare: number of updated asset objects reloaded= 0
AssetImportParameters requested are different than current active one (requested -> active):
  custom:container-demuxer-ogg: 62fdf1f143b41e24485cea50d1cbac27 -> 
  custom:video-codec-MediaFoundation-h265: 746d11721c4dcdbdad8f713fa42b33f4 -> 
  custom:scripting/monoscript/fileName/StartMenu.cs: 7d1582c31bfdff718250d949bb9d988f -> 2c6352739cbf1a92185b9315fcfa5506
  custom:video-decoder-ogg-theora: a1e56fd34408186e4bbccfd4996cb3dc -> 
  custom:framework-win-MediaFoundation: 216162199b28c13a410421893ffa2e32 -> 
  custom:CustomObjectIndexerAttribute: 756ad292c208cfabdd7b50bc23989ffe -> 
  custom:container-demuxer-webm: 4f35f7cbe854078d1ac9338744f61a02 -> 
  custom:container-muxer-webm: aa71ff27fc2769a1b78a27578f13a17b -> 
  custom:video-decoder-webm-vp8: 9c59270c3fd7afecdb556c50c9e8de78 -> 
  custom:SearchIndexIgnoredProperties: e643bd26f0fe6173181afceb89e7c659 -> 
  custom:AudioImporter_EditorPlatform: d09bf68614088b80899f8185d706f6e7 -> 
  custom:video-encoder-webm-vp8: eb34c28f22e8b96e1ab97ce403110664 -> 
  custom:audio-decoder-ogg-vorbis: bf7c407c2cedff20999df2af8eb42d56 -> 
  custom:audio-encoder-webm-vorbis: bf7c407c2cedff20999df2af8eb42d56 -> 
========================================================================
Received Prepare
Begin MonoManager ReloadAssembly
- Loaded All Assemblies, in  0.550 seconds
Refreshing native plugins compatible for Editor in 3.58 ms, found 3 plugins.
Native extension for WindowsStandalone target not found
Native extension for WebGL target not found
[Package Manager] Server::EnsureServerProcessIsRunning -- launch failed, reason: Unity was launched with the -noUpm command-line argument
[Package Manager] UpmClient::Send -- Unable to send message (not connected to UPM process).
[Package Manager] Cannot connect to Unity Package Manager local server
Mono: successfully reloaded assembly
- Finished resetting the current domain, in  1.174 seconds
Domain Reload Profiling: 1720ms
	BeginReloadAssembly (194ms)
		ExecutionOrderSort (0ms)
		DisableScriptedObjects (7ms)
		BackupInstance (0ms)
		ReleaseScriptingObjects (0ms)
		CreateAndSetChildDomain (37ms)
	RebuildCommonClasses (42ms)
	RebuildNativeTypeToScriptingClass (15ms)
	initialDomainReloadingComplete (40ms)
	LoadAllAssembliesAndSetupDomain (255ms)
		LoadAssemblies (348ms)
		RebuildTransferFunctionScriptingTraits (0ms)
		AnalyzeDomain (15ms)
			TypeCache.Refresh (7ms)
				TypeCache.ScanAssembly (0ms)
			ScanForSourceGeneratedMonoScriptInfo (0ms)
			ResolveRequiredComponents (7ms)
	FinalizeReload (1175ms)
		ReleaseScriptCaches (0ms)
		RebuildScriptCaches (0ms)
		SetupLoadedEditorAssemblies (512ms)
			LogAssemblyErrors (0ms)
			InitializePlatformSupportModulesInManaged (11ms)
			SetLoadedEditorAssemblies (7ms)
			RefreshPlugins (0ms)
			BeforeProcessingInitializeOnLoad (87ms)
			ProcessInitializeOnLoadAttributes (374ms)
			ProcessInitializeOnLoadMethodAttributes (24ms)
			AfterProcessingInitializeOnLoad (9ms)
			EditorAssembliesLoaded (0ms)
		ExecutionOrderSort2 (0ms)
		AwakeInstancesAfterBackupRestoration (10ms)
Refreshing native plugins compatible for Editor in 6.61 ms, found 3 plugins.
Preloading 0 native plugins for Editor in 0.00 ms.
Unloading 3189 Unused Serialized files (Serialized files now loaded: 0)
Unloading 29 unused Assets / (0.8 MB). Loaded Objects now: 3727.
Memory consumption went from 136.2 MB to 135.4 MB.
Total: 5.446700 ms (FindLiveObjects: 0.452200 ms CreateObjectMapping: 0.283700 ms MarkObjects: 4.072300 ms  DeleteObjects: 0.632800 ms)

Prepare: number of updated asset objects reloaded= 0
AssetImportParameters requested are different than current active one (requested -> active):
  custom:container-demuxer-ogg: 62fdf1f143b41e24485cea50d1cbac27 -> 
  custom:video-codec-MediaFoundation-h265: 746d11721c4dcdbdad8f713fa42b33f4 -> 
  custom:scripting/monoscript/fileName/StartMenu.cs: 7d1582c31bfdff718250d949bb9d988f -> 2c6352739cbf1a92185b9315fcfa5506
  custom:video-decoder-ogg-theora: a1e56fd34408186e4bbccfd4996cb3dc -> 
  custom:framework-win-MediaFoundation: 216162199b28c13a410421893ffa2e32 -> 
  custom:CustomObjectIndexerAttribute: 756ad292c208cfabdd7b50bc23989ffe -> 
  custom:container-demuxer-webm: 4f35f7cbe854078d1ac9338744f61a02 -> 
  custom:container-muxer-webm: aa71ff27fc2769a1b78a27578f13a17b -> 
  custom:video-decoder-webm-vp8: 9c59270c3fd7afecdb556c50c9e8de78 -> 
  custom:SearchIndexIgnoredProperties: e643bd26f0fe6173181afceb89e7c659 -> 
  custom:AudioImporter_EditorPlatform: d09bf68614088b80899f8185d706f6e7 -> 
  custom:video-encoder-webm-vp8: eb34c28f22e8b96e1ab97ce403110664 -> 
  custom:audio-decoder-ogg-vorbis: bf7c407c2cedff20999df2af8eb42d56 -> 
  custom:audio-encoder-webm-vorbis: bf7c407c2cedff20999df2af8eb42d56 -> 
========================================================================
Received Import Request.
  Time since last request: 326992.190516 seconds.
  path: Assets/Imported Assets/ParticleProFX/Resources/Library/Orbs/ppfxOrbGreen.prefab
  artifactKey: Guid(a2780c9e9f47b4386813608ff7ad6e43) Importer(815301076,1909f56bfc062723c751e8b465ee728b)
Start importing Assets/Imported Assets/ParticleProFX/Resources/Library/Orbs/ppfxOrbGreen.prefab using Guid(a2780c9e9f47b4386813608ff7ad6e43) Importer(815301076,1909f56bfc062723c751e8b465ee728b)  -> (artifact id: '8a8861fb53b58de63d3c6b1def0766ba') in 0.181088 seconds
Number of updated asset objects reloaded before import = 0
Number of asset objects unloaded after import = 13
========================================================================
Received Import Request.
  Time since last request: 9.176426 seconds.
  path: Assets/Imported Assets/ParticleProFX/Resources/Library/Orbs/Preview/ppfxOrbGreen.png
  artifactKey: Guid(f0defac85b8c744e59630f36aafa6325) Importer(815301076,1909f56bfc062723c751e8b465ee728b)
Start importing Assets/Imported Assets/ParticleProFX/Resources/Library/Orbs/Preview/ppfxOrbGreen.png using Guid(f0defac85b8c744e59630f36aafa6325) Importer(815301076,1909f56bfc062723c751e8b465ee728b)  -> (artifact id: '5969c636bc590b144360e504b1251ec7') in 0.039906 seconds
Number of updated asset objects reloaded before import = 0
Number of asset objects unloaded after import = 2
========================================================================
Received Import Request.
  Time since last request: 7.954228 seconds.
  path: Assets/Imported Assets/ParticleProFX/Resources/Library/Fire & Explosions/ppfxExplosionBig.prefab
  artifactKey: Guid(10f42fca98dc28042b22d432c3e4095b) Importer(815301076,1909f56bfc062723c751e8b465ee728b)
Start importing Assets/Imported Assets/ParticleProFX/Resources/Library/Fire & Explosions/ppfxExplosionBig.prefab using Guid(10f42fca98dc28042b22d432c3e4095b) Importer(815301076,1909f56bfc062723c751e8b465ee728b)  -> (artifact id: 'd3849419f3cb656ed6263c6d4b340320') in 0.153487 seconds
Number of updated asset objects reloaded before import = 0
Number of asset objects unloaded after import = 45
========================================================================
Received Import Request.
  Time since last request: 0.000035 seconds.
  path: Assets/Imported Assets/ParticleProFX/Resources/Library/Fire & Explosions/ppfxExplosionFireTrail.prefab
  artifactKey: Guid(1d5eb0e65111e104d83e6876973a2a81) Importer(815301076,1909f56bfc062723c751e8b465ee728b)
Start importing Assets/Imported Assets/ParticleProFX/Resources/Library/Fire & Explosions/ppfxExplosionFireTrail.prefab using Guid(1d5eb0e65111e104d83e6876973a2a81) Importer(815301076,1909f56bfc062723c751e8b465ee728b)  -> (artifact id: '9c87c2fafb02c78161750ac5901aad92') in 0.132984 seconds
Number of updated asset objects reloaded before import = 0
Number of asset objects unloaded after import = 51
========================================================================
Received Import Request.
  Time since last request: 0.000024 seconds.
  path: Assets/Imported Assets/ParticleProFX/Resources/Library/Fire & Explosions/ppfxExplosionHeavySimple2.prefab
  artifactKey: Guid(dff0ff07a14dee24290d638a7f832736) Importer(815301076,1909f56bfc062723c751e8b465ee728b)
Start importing Assets/Imported Assets/ParticleProFX/Resources/Library/Fire & Explosions/ppfxExplosionHeavySimple2.prefab using Guid(dff0ff07a14dee24290d638a7f832736) Importer(815301076,1909f56bfc062723c751e8b465ee728b)  -> (artifact id: 'f8cb5210c1aeb592523178d6e107858a') in 0.020151 seconds
Number of updated asset objects reloaded before import = 0
Number of asset objects unloaded after import = 41
========================================================================
Received Import Request.
  Time since last request: 0.000030 seconds.
  path: Assets/Imported Assets/ParticleProFX/Resources/Library/Fire & Explosions/ppfxFastSparksExplosion.prefab
  artifactKey: Guid(fcee421d39e019c43b76b9b23329372d) Importer(815301076,1909f56bfc062723c751e8b465ee728b)
Start importing Assets/Imported Assets/ParticleProFX/Resources/Library/Fire & Explosions/ppfxFastSparksExplosion.prefab using Guid(fcee421d39e019c43b76b9b23329372d) Importer(815301076,1909f56bfc062723c751e8b465ee728b)  -> (artifact id: '966c095600619bedd22bbf0bbada2103') in 0.036690 seconds
Number of updated asset objects reloaded before import = 0
Number of asset objects unloaded after import = 41
========================================================================
Received Import Request.
  Time since last request: 0.000022 seconds.
  path: Assets/Imported Assets/ParticleProFX/Resources/Library/Fire & Explosions/ppfxGroundFire.prefab
  artifactKey: Guid(6305ed9bdc62a274da9933710a043cdb) Importer(815301076,1909f56bfc062723c751e8b465ee728b)
Start importing Assets/Imported Assets/ParticleProFX/Resources/Library/Fire & Explosions/ppfxGroundFire.prefab using Guid(6305ed9bdc62a274da9933710a043cdb) Importer(815301076,1909f56bfc062723c751e8b465ee728b)  -> (artifact id: '894cd6a80addd76dbf0f218ce4aaa672') in 0.026912 seconds
Number of updated asset objects reloaded before import = 0
Number of asset objects unloaded after import = 9
========================================================================
Received Import Request.
  Time since last request: 0.000024 seconds.
  path: Assets/Imported Assets/ParticleProFX/Resources/Library/Fire & Explosions/ppfxExplosionHeavyRoughLong.prefab
  artifactKey: Guid(a44f8feb757116f41b3d39e893be41a6) Importer(815301076,1909f56bfc062723c751e8b465ee728b)
Start importing Assets/Imported Assets/ParticleProFX/Resources/Library/Fire & Explosions/ppfxExplosionHeavyRoughLong.prefab using Guid(a44f8feb757116f41b3d39e893be41a6) Importer(815301076,1909f56bfc062723c751e8b465ee728b)  -> (artifact id: '3c746eb260b7492510d4003df4620170') in 0.023506 seconds
Number of updated asset objects reloaded before import = 0
Number of asset objects unloaded after import = 41
========================================================================
Received Import Request.
  Time since last request: 0.000021 seconds.
  path: Assets/Imported Assets/ParticleProFX/Resources/Library/Fire & Explosions/ppfxExplosionGasBig.prefab
  artifactKey: Guid(40956557a285559488a2c9ff1ac6e7f6) Importer(815301076,1909f56bfc062723c751e8b465ee728b)
Start importing Assets/Imported Assets/ParticleProFX/Resources/Library/Fire & Explosions/ppfxExplosionGasBig.prefab using Guid(40956557a285559488a2c9ff1ac6e7f6) Importer(815301076,1909f56bfc062723c751e8b465ee728b)  -> (artifact id: 'be65bb7fd7453a772f5d8c8f2b4ec648') in 0.041561 seconds
Number of updated asset objects reloaded before import = 0
Number of asset objects unloaded after import = 23
========================================================================
Received Import Request.
  Time since last request: 0.000021 seconds.
  path: Assets/Imported Assets/ParticleProFX/Resources/Library/Fire & Explosions/ppfxExplosionFireball02.prefab
  artifactKey: Guid(f015702b92b604b44aa41566f0fe3305) Importer(815301076,1909f56bfc062723c751e8b465ee728b)
Start importing Assets/Imported Assets/ParticleProFX/Resources/Library/Fire & Explosions/ppfxExplosionFireball02.prefab using Guid(f015702b92b604b44aa41566f0fe3305) Importer(815301076,1909f56bfc062723c751e8b465ee728b)  -> (artifact id: 'aff4c49719625ad0574b3b11ee78dd41') in 0.048856 seconds
Number of updated asset objects reloaded before import = 0
Number of asset objects unloaded after import = 24
========================================================================
Received Import Request.
  Time since last request: 0.000023 seconds.
  path: Assets/Imported Assets/ParticleProFX/Resources/Library/Fire & Explosions/ppfxExplosionGasSmall.prefab
  artifactKey: Guid(5b36ee50e0383a849bf405e888a1df13) Importer(815301076,1909f56bfc062723c751e8b465ee728b)
Start importing Assets/Imported Assets/ParticleProFX/Resources/Library/Fire & Explosions/ppfxExplosionGasSmall.prefab using Guid(5b36ee50e0383a849bf405e888a1df13) Importer(815301076,1909f56bfc062723c751e8b465ee728b)  -> (artifact id: '69bfbd28c24fd199f416ad82215ced3c') in 0.018311 seconds
Number of updated asset objects reloaded before import = 0
Number of asset objects unloaded after import = 21
========================================================================
Received Import Request.
  Time since last request: 0.000025 seconds.
  path: Assets/Imported Assets/ParticleProFX/Resources/Library/Fire & Explosions/ppfxFireSmall.prefab
  artifactKey: Guid(174ed2323e5744127b865875c0b12163) Importer(815301076,1909f56bfc062723c751e8b465ee728b)
Start importing Assets/Imported Assets/ParticleProFX/Resources/Library/Fire & Explosions/ppfxFireSmall.prefab using Guid(174ed2323e5744127b865875c0b12163) Importer(815301076,1909f56bfc062723c751e8b465ee728b)  -> (artifact id: '9786ddf54fb225d4f6bde67eccafaf15') in 0.012193 seconds
Number of updated asset objects reloaded before import = 0
Number of asset objects unloaded after import = 13
========================================================================
Received Import Request.
  Time since last request: 0.000030 seconds.
  path: Assets/Imported Assets/ParticleProFX/Resources/Library/Fire & Explosions/ppfxPipelineFire.prefab
  artifactKey: Guid(1732f8aca45b0d1468c617e0b551a5e8) Importer(815301076,1909f56bfc062723c751e8b465ee728b)
Start importing Assets/Imported Assets/ParticleProFX/Resources/Library/Fire & Explosions/ppfxPipelineFire.prefab using Guid(1732f8aca45b0d1468c617e0b551a5e8) Importer(815301076,1909f56bfc062723c751e8b465ee728b)  -> (artifact id: '97c562b416d1381ceff97653086348c2') in 0.019240 seconds
Number of updated asset objects reloaded before import = 0
Number of asset objects unloaded after import = 15
========================================================================
Received Import Request.
  Time since last request: 0.000023 seconds.
  path: Assets/Imported Assets/ParticleProFX/Resources/Library/Fire & Explosions/ppfxExplosionFireball03.prefab
  artifactKey: Guid(d16a9cc0aecee7248ac31a6ded035ecc) Importer(815301076,1909f56bfc062723c751e8b465ee728b)
Start importing Assets/Imported Assets/ParticleProFX/Resources/Library/Fire & Explosions/ppfxExplosionFireball03.prefab using Guid(d16a9cc0aecee7248ac31a6ded035ecc) Importer(815301076,1909f56bfc062723c751e8b465ee728b)  -> (artifact id: '57a61efec0478385c15c953d0cc0c667') in 0.050074 seconds
Number of updated asset objects reloaded before import = 0
Number of asset objects unloaded after import = 18
========================================================================
Received Import Request.
  Time since last request: 0.000025 seconds.
  path: Assets/Imported Assets/ParticleProFX/Resources/Library/Fire & Explosions/ppfxExplosionHeavyShockwave.prefab
  artifactKey: Guid(6676e2285ec9f8a4c90fd08653ba8464) Importer(815301076,1909f56bfc062723c751e8b465ee728b)
Start importing Assets/Imported Assets/ParticleProFX/Resources/Library/Fire & Explosions/ppfxExplosionHeavyShockwave.prefab using Guid(6676e2285ec9f8a4c90fd08653ba8464) Importer(815301076,1909f56bfc062723c751e8b465ee728b)  -> (artifact id: 'fbdab80366b4947e49c991c22dfa1c50') in 0.043693 seconds
Number of updated asset objects reloaded before import = 0
Number of asset objects unloaded after import = 35
========================================================================
Received Import Request.
  Time since last request: 0.000022 seconds.
  path: Assets/Imported Assets/ParticleProFX/Resources/Library/Fire & Explosions/ppfxExplosionSmall.prefab
  artifactKey: Guid(68c96b31b2467f84db383b1c4eff3a47) Importer(815301076,1909f56bfc062723c751e8b465ee728b)
Start importing Assets/Imported Assets/ParticleProFX/Resources/Library/Fire & Explosions/ppfxExplosionSmall.prefab using Guid(68c96b31b2467f84db383b1c4eff3a47) Importer(815301076,1909f56bfc062723c751e8b465ee728b)  -> (artifact id: '2901c36981cb732ec984a5b2ef2c8b9e') in 0.039002 seconds
Number of updated asset objects reloaded before import = 0
Number of asset objects unloaded after import = 37
========================================================================
Received Import Request.
  Time since last request: 0.000043 seconds.
  path: Assets/Imported Assets/ParticleProFX/Resources/Library/Fire & Explosions/ppfxExplosionHeavySimple.prefab
  artifactKey: Guid(8c895bfa0e04954488d29a670da58455) Importer(815301076,1909f56bfc062723c751e8b465ee728b)
Start importing Assets/Imported Assets/ParticleProFX/Resources/Library/Fire & Explosions/ppfxExplosionHeavySimple.prefab using Guid(8c895bfa0e04954488d29a670da58455) Importer(815301076,1909f56bfc062723c751e8b465ee728b)  -> (artifact id: '74ae6dbc6f3a18bf88e64cf41f494d16') in 0.020925 seconds
Number of updated asset objects reloaded before import = 0
Number of asset objects unloaded after import = 41
========================================================================
Received Import Request.
  Time since last request: 0.000022 seconds.
  path: Assets/Imported Assets/ParticleProFX/Resources/Library/Fire & Explosions/ppfxExplosionHeavyDust.prefab
  artifactKey: Guid(85ae66f498482cb41b9d8bd7a2b942de) Importer(815301076,1909f56bfc062723c751e8b465ee728b)
Start importing Assets/Imported Assets/ParticleProFX/Resources/Library/Fire & Explosions/ppfxExplosionHeavyDust.prefab using Guid(85ae66f498482cb41b9d8bd7a2b942de) Importer(815301076,1909f56bfc062723c751e8b465ee728b)  -> (artifact id: '464814e361f05f5f3bbcafd22cc91841') in 0.023278 seconds
Number of updated asset objects reloaded before import = 0
Number of asset objects unloaded after import = 33
Editor requested this worker to shutdown with reason: Scaling down because of idle timeout
TcpMessagingSession - receive error: operation aborted. errorcode: 995, details: The I/O operation has been aborted because of either a thread exit or an application request.
AssetImportWorker is now disconnected from the server
Process exiting
Exiting without the bug reporter. Application will terminate with return code 0