Using pre-set license
Built from '2022.3/staging' branch; Version is '2022.3.8f1 (b5eafc012955) revision 11922172'; Using compiler version '192829333'; Build Type 'Release'
OS: 'Windows 11  (10.0.22621) 64bit Professional' Language: 'en' Physical Memory: 16004 MB
BatchMode: 1, IsHumanControllingUs: 0, StartBugReporterOnCrash: 0, Is64bit: 1, IsPro: 1

COMMAND LINE ARGUMENTS:
C:\Program Files\Unity\Hub\Editor\2022.3.8f1\Editor\Unity.exe
-adb2
-batchMode
-noUpm
-name
AssetImportWorker26
-projectPath
C:/Users/shiven/Desktop/Projects/Balls_game/Darker Forests
-logFile
Logs/AssetImportWorker26.log
-srvPort
61920
Successfully changed project path to: C:/Users/shiven/Desktop/Projects/Balls_game/Darker Forests
C:/Users/shiven/Desktop/Projects/Balls_game/Darker Forests
[UnityMemory] Configuration Parameters - Can be set up in boot.config
    "memorysetup-bucket-allocator-granularity=16"
    "memorysetup-bucket-allocator-bucket-count=8"
    "memorysetup-bucket-allocator-block-size=33554432"
    "memorysetup-bucket-allocator-block-count=8"
    "memorysetup-main-allocator-block-size=16777216"
    "memorysetup-thread-allocator-block-size=16777216"
    "memorysetup-gfx-main-allocator-block-size=16777216"
    "memorysetup-gfx-thread-allocator-block-size=16777216"
    "memorysetup-cache-allocator-block-size=4194304"
    "memorysetup-typetree-allocator-block-size=2097152"
    "memorysetup-profiler-bucket-allocator-granularity=16"
    "memorysetup-profiler-bucket-allocator-bucket-count=8"
    "memorysetup-profiler-bucket-allocator-block-size=33554432"
    "memorysetup-profiler-bucket-allocator-block-count=8"
    "memorysetup-profiler-allocator-block-size=16777216"
    "memorysetup-profiler-editor-allocator-block-size=1048576"
    "memorysetup-temp-allocator-size-main=16777216"
    "memorysetup-job-temp-allocator-block-size=2097152"
    "memorysetup-job-temp-allocator-block-size-background=1048576"
    "memorysetup-job-temp-allocator-reduction-small-platforms=262144"
    "memorysetup-allocator-temp-initial-block-size-main=262144"
    "memorysetup-allocator-temp-initial-block-size-worker=262144"
    "memorysetup-temp-allocator-size-background-worker=32768"
    "memorysetup-temp-allocator-size-job-worker=262144"
    "memorysetup-temp-allocator-size-preload-manager=33554432"
    "memorysetup-temp-allocator-size-nav-mesh-worker=65536"
    "memorysetup-temp-allocator-size-audio-worker=65536"
    "memorysetup-temp-allocator-size-cloud-worker=32768"
    "memorysetup-temp-allocator-size-gi-baking-worker=262144"
    "memorysetup-temp-allocator-size-gfx=262144"
Player connection [33516] Host "[IP] 172.28.80.1 [Port] 0 [Flags] 2 [Guid] 3233434968 [EditorId] 3233434968 [Version] 1048832 [Id] WindowsEditor(7,LAPTOP-COECOK03) [Debug] 1 [PackageName] WindowsEditor [ProjectName] Editor" joined multi-casting on [225.0.0.222:54997]...

Player connection [33516] Host "[IP] 172.28.80.1 [Port] 0 [Flags] 2 [Guid] 3233434968 [EditorId] 3233434968 [Version] 1048832 [Id] WindowsEditor(7,LAPTOP-COECOK03) [Debug] 1 [PackageName] WindowsEditor [ProjectName] Editor" joined alternative multi-casting on [225.0.0.222:34997]...

[Physics::Module] Initialized MultithreadedJobDispatcher with 19 workers.
Refreshing native plugins compatible for Editor in 9.01 ms, found 3 plugins.
Preloading 0 native plugins for Editor in 0.00 ms.
Initialize engine version: 2022.3.8f1 (b5eafc012955)
[Subsystems] Discovering subsystems at path C:/Program Files/Unity/Hub/Editor/2022.3.8f1/Editor/Data/Resources/UnitySubsystems
[Subsystems] Discovering subsystems at path C:/Users/shiven/Desktop/Projects/Balls_game/Darker Forests/Assets
GfxDevice: creating device client; threaded=0; jobified=0
Direct3D:
    Version:  Direct3D 11.0 [level 11.1]
    Renderer: NVIDIA GeForce RTX 3060 Laptop GPU (ID=0x2520)
    Vendor:   NVIDIA
    VRAM:     6010 MB
    Driver:   31.0.15.4628
Initialize mono
Mono path[0] = 'C:/Program Files/Unity/Hub/Editor/2022.3.8f1/Editor/Data/Managed'
Mono path[1] = 'C:/Program Files/Unity/Hub/Editor/2022.3.8f1/Editor/Data/MonoBleedingEdge/lib/mono/unityjit-win32'
Mono config path = 'C:/Program Files/Unity/Hub/Editor/2022.3.8f1/Editor/Data/MonoBleedingEdge/etc'
Using monoOptions --debugger-agent=transport=dt_socket,embedding=1,server=y,suspend=n,address=127.0.0.1:56920
Begin MonoManager ReloadAssembly
Registering precompiled unity dll's ...
Register platform support module: C:/Program Files/Unity/Hub/Editor/2022.3.8f1/Editor/Data/PlaybackEngines/WebGLSupport/UnityEditor.WebGL.Extensions.dll
Register platform support module: C:/Program Files/Unity/Hub/Editor/2022.3.8f1/Editor/Data/PlaybackEngines/WindowsStandaloneSupport/UnityEditor.WindowsStandalone.Extensions.dll
Registered in 0.015214 seconds.
- Loaded All Assemblies, in  0.631 seconds
Native extension for WindowsStandalone target not found
Native extension for WebGL target not found
Mono: successfully reloaded assembly
- Finished resetting the current domain, in  0.347 seconds
Domain Reload Profiling: 975ms
	BeginReloadAssembly (213ms)
		ExecutionOrderSort (0ms)
		DisableScriptedObjects (0ms)
		BackupInstance (0ms)
		ReleaseScriptingObjects (0ms)
		CreateAndSetChildDomain (1ms)
	RebuildCommonClasses (72ms)
	RebuildNativeTypeToScriptingClass (22ms)
	initialDomainReloadingComplete (112ms)
	LoadAllAssembliesAndSetupDomain (207ms)
		LoadAssemblies (209ms)
		RebuildTransferFunctionScriptingTraits (0ms)
		AnalyzeDomain (204ms)
			TypeCache.Refresh (202ms)
				TypeCache.ScanAssembly (184ms)
			ScanForSourceGeneratedMonoScriptInfo (0ms)
			ResolveRequiredComponents (1ms)
	FinalizeReload (348ms)
		ReleaseScriptCaches (0ms)
		RebuildScriptCaches (0ms)
		SetupLoadedEditorAssemblies (268ms)
			LogAssemblyErrors (0ms)
			InitializePlatformSupportModulesInManaged (13ms)
			SetLoadedEditorAssemblies (7ms)
			RefreshPlugins (0ms)
			BeforeProcessingInitializeOnLoad (3ms)
			ProcessInitializeOnLoadAttributes (180ms)
			ProcessInitializeOnLoadMethodAttributes (64ms)
			AfterProcessingInitializeOnLoad (0ms)
			EditorAssembliesLoaded (0ms)
		ExecutionOrderSort2 (0ms)
		AwakeInstancesAfterBackupRestoration (0ms)
========================================================================
Worker process is ready to serve import requests
Begin MonoManager ReloadAssembly
- Loaded All Assemblies, in  0.825 seconds
Refreshing native plugins compatible for Editor in 4.48 ms, found 3 plugins.
Native extension for WindowsStandalone target not found
Native extension for WebGL target not found
Package Manager log level set to [2]
[Package Manager] Server::EnsureServerProcessIsRunning -- launch failed, reason: Unity was launched with the -noUpm command-line argument
[Package Manager] UpmClient::Send -- Unable to send message (not connected to UPM process).
[Package Manager] Cannot connect to Unity Package Manager local server
Mono: successfully reloaded assembly
- Finished resetting the current domain, in  0.780 seconds
Domain Reload Profiling: 1601ms
	BeginReloadAssembly (193ms)
		ExecutionOrderSort (0ms)
		DisableScriptedObjects (7ms)
		BackupInstance (0ms)
		ReleaseScriptingObjects (0ms)
		CreateAndSetChildDomain (23ms)
	RebuildCommonClasses (49ms)
	RebuildNativeTypeToScriptingClass (15ms)
	initialDomainReloadingComplete (57ms)
	LoadAllAssembliesAndSetupDomain (508ms)
		LoadAssemblies (386ms)
		RebuildTransferFunctionScriptingTraits (0ms)
		AnalyzeDomain (238ms)
			TypeCache.Refresh (209ms)
				TypeCache.ScanAssembly (190ms)
			ScanForSourceGeneratedMonoScriptInfo (21ms)
			ResolveRequiredComponents (6ms)
	FinalizeReload (780ms)
		ReleaseScriptCaches (0ms)
		RebuildScriptCaches (0ms)
		SetupLoadedEditorAssemblies (575ms)
			LogAssemblyErrors (0ms)
			InitializePlatformSupportModulesInManaged (9ms)
			SetLoadedEditorAssemblies (6ms)
			RefreshPlugins (0ms)
			BeforeProcessingInitializeOnLoad (85ms)
			ProcessInitializeOnLoadAttributes (437ms)
			ProcessInitializeOnLoadMethodAttributes (28ms)
			AfterProcessingInitializeOnLoad (9ms)
			EditorAssembliesLoaded (0ms)
		ExecutionOrderSort2 (0ms)
		AwakeInstancesAfterBackupRestoration (9ms)
Launched and connected shader compiler UnityShaderCompiler.exe after 0.08 seconds
Refreshing native plugins compatible for Editor in 4.90 ms, found 3 plugins.
Preloading 0 native plugins for Editor in 0.00 ms.
Unloading 3239 Unused Serialized files (Serialized files now loaded: 0)
Unloading 38 unused Assets / (0.8 MB). Loaded Objects now: 3720.
Memory consumption went from 147.7 MB to 146.9 MB.
Total: 5.345100 ms (FindLiveObjects: 0.241900 ms CreateObjectMapping: 1.033900 ms MarkObjects: 3.589300 ms  DeleteObjects: 0.478200 ms)

AssetImportParameters requested are different than current active one (requested -> active):
  custom:scripting/monoscript/fileName/PPFXShockwave.cs: 100e98f2444a4f168f6286d8c2b39b1b -> f7852236285a575d57e2eeac0399d370
  custom:container-demuxer-ogg: 62fdf1f143b41e24485cea50d1cbac27 -> 
  custom:video-codec-MediaFoundation-h265: 746d11721c4dcdbdad8f713fa42b33f4 -> 
  custom:scripting/monoscript/fileName/PPFXCountdownDestruct.cs: 2ecb94c794ba0bc70752c568be1da754 -> ca6f71fe1c77e9cc78e0b123279310e6
  custom:video-decoder-ogg-theora: a1e56fd34408186e4bbccfd4996cb3dc -> 
  custom:framework-win-MediaFoundation: 216162199b28c13a410421893ffa2e32 -> 
  custom:scripting/monoscript/fileName/PPFXDemoScene.cs: 37c78cc44a0dd4e3a9bea302a1bebd4e -> 94a2c871f776b3d787638c187cadb6df
  custom:scripting/monoscript/fileName/PPFXRigidBodyExtensions.cs: f7f007bbd697c212dde5cc8863ca12e3 -> 4a61ecb7fdefea2ccf4fa09981472588
  custom:scripting/monoscript/fileName/PPFXLightFlare.cs: e0478e411c895c20004ef3c874b44c91 -> c98958a1501eb47212af22ff3c2390bc
  custom:CustomObjectIndexerAttribute: 756ad292c208cfabdd7b50bc23989ffe -> 
  custom:scripting/monoscript/fileName/PPFXSpawnOnClick.cs: fba10e3dc70e012ba792777a50f0cd2f -> f86762cd3e71c728796a465dd1e4871a
  custom:scripting/monoscript/fileName/PPFXClickMove.cs: 33a7f21de52c1169a52cb967f55758fa -> 17d26812daab17e06256efb71519781c
  custom:scripting/monoscript/fileName/PPFXRendererLayer.cs: 687adf03a2b0164ce27913a4e2c02596 -> 06082c2a0568d69a01dcccdd5adbaac1
  custom:container-demuxer-webm: 4f35f7cbe854078d1ac9338744f61a02 -> 
  custom:scripting/monoscript/fileName/PPFXPhysicForce.cs: b38a210e5df29d696e7e3ef0b4cb36d2 -> 5c22cd39c4c793bcd99a10e76ddb52ce
  custom:scripting/monoscript/fileName/GunsMenu.cs: 0bc1edf6ed57c0bab43ed725d1f1ba4d -> 5944559c0cd4f7d33c7e6d0018381d8d
  custom:container-muxer-webm: aa71ff27fc2769a1b78a27578f13a17b -> 
  custom:video-decoder-webm-vp8: 9c59270c3fd7afecdb556c50c9e8de78 -> 
  custom:SearchIndexIgnoredProperties: e643bd26f0fe6173181afceb89e7c659 -> 
  custom:AudioImporter_EditorPlatform: d09bf68614088b80899f8185d706f6e7 -> 
  custom:scripting/monoscript/fileName/PPFXScale.cs: 271dfb1f108da6ee9d73dc0d02031115 -> 8d46b7e9e5e873feac2cb950c0b0deef
  custom:scripting/monoscript/fileName/PPFXRandomPosition.cs: c7e433cd8b6514f4871ee5c76882faf0 -> 18a453d91b98cbb7470a2853b3f7be33
  custom:scripting/monoscript/fileName/PPFXMeteor.cs: 144561c2b5e2198f0f06d2c2be5f999d -> 33b0bcf0925810fdb67c1cc7fe2c04a6
  custom:scripting/monoscript/fileName/GunView.cs: 1e03f80d6e785d26a1193ab50381dd86 -> 739f97972279064867911384b927bafd
  custom:scripting/monoscript/fileName/PPFXWindow.cs: 4407e0a7fcb8108dbf05f06d2b2b7ada -> 15219bf349c0a372959394b7c8f453e6
  custom:video-encoder-webm-vp8: eb34c28f22e8b96e1ab97ce403110664 -> 
  custom:audio-decoder-ogg-vorbis: bf7c407c2cedff20999df2af8eb42d56 -> 
  custom:scripting/monoscript/fileName/PPFXClickMoveSmooth.cs: df436754324e4f4c030919c5b14f1a2e -> 4973fdbef818482a41de97a85e4f1a05
  custom:scripting/monoscript/fileName/PPFXAutodestruct.cs: e949517492890d6beb218b5d33df2c03 -> 7dbd36ee087d356893ddda07d57f71c8
  custom:scripting/monoscript/fileName/PPFXChainReactionInspector.cs: 1c187c98e398caafa2a8884cb77b7b69 -> f327128b1757b7febad772264aa456f3
  custom:scripting/monoscript/fileName/PPFXChainReaction.cs: 4e31feb8000dbf72e9827826ee9f716d -> a8f041181bce30446dc4769b77f7d35e
  custom:audio-encoder-webm-vorbis: bf7c407c2cedff20999df2af8eb42d56 -> 
  custom:scripting/monoscript/fileName/PPFXRendererLayerEditor.cs: eeef6dc9d636d826f4f34fea1f50cbcb -> 2ba7f2bbab69c096a8d582ef072f2a01
========================================================================
Received Prepare
Begin MonoManager ReloadAssembly
- Loaded All Assemblies, in  0.565 seconds
Refreshing native plugins compatible for Editor in 4.44 ms, found 3 plugins.
Native extension for WindowsStandalone target not found
Native extension for WebGL target not found
[Package Manager] Server::EnsureServerProcessIsRunning -- launch failed, reason: Unity was launched with the -noUpm command-line argument
[Package Manager] UpmClient::Send -- Unable to send message (not connected to UPM process).
[Package Manager] Cannot connect to Unity Package Manager local server
Mono: successfully reloaded assembly
- Finished resetting the current domain, in  1.177 seconds
Domain Reload Profiling: 1739ms
	BeginReloadAssembly (201ms)
		ExecutionOrderSort (0ms)
		DisableScriptedObjects (7ms)
		BackupInstance (0ms)
		ReleaseScriptingObjects (0ms)
		CreateAndSetChildDomain (41ms)
	RebuildCommonClasses (42ms)
	RebuildNativeTypeToScriptingClass (15ms)
	initialDomainReloadingComplete (40ms)
	LoadAllAssembliesAndSetupDomain (263ms)
		LoadAssemblies (362ms)
		RebuildTransferFunctionScriptingTraits (0ms)
		AnalyzeDomain (15ms)
			TypeCache.Refresh (7ms)
				TypeCache.ScanAssembly (0ms)
			ScanForSourceGeneratedMonoScriptInfo (0ms)
			ResolveRequiredComponents (6ms)
	FinalizeReload (1178ms)
		ReleaseScriptCaches (0ms)
		RebuildScriptCaches (0ms)
		SetupLoadedEditorAssemblies (505ms)
			LogAssemblyErrors (0ms)
			InitializePlatformSupportModulesInManaged (10ms)
			SetLoadedEditorAssemblies (6ms)
			RefreshPlugins (0ms)
			BeforeProcessingInitializeOnLoad (98ms)
			ProcessInitializeOnLoadAttributes (353ms)
			ProcessInitializeOnLoadMethodAttributes (28ms)
			AfterProcessingInitializeOnLoad (9ms)
			EditorAssembliesLoaded (0ms)
		ExecutionOrderSort2 (0ms)
		AwakeInstancesAfterBackupRestoration (9ms)
Refreshing native plugins compatible for Editor in 7.78 ms, found 3 plugins.
Preloading 0 native plugins for Editor in 0.00 ms.
Unloading 3188 Unused Serialized files (Serialized files now loaded: 0)
Unloading 29 unused Assets / (0.8 MB). Loaded Objects now: 3723.
Memory consumption went from 136.2 MB to 135.4 MB.
Total: 5.701900 ms (FindLiveObjects: 0.347600 ms CreateObjectMapping: 0.209000 ms MarkObjects: 4.450700 ms  DeleteObjects: 0.692600 ms)

Prepare: number of updated asset objects reloaded= 0
AssetImportParameters requested are different than current active one (requested -> active):
  custom:scripting/monoscript/fileName/PPFXShockwave.cs: 100e98f2444a4f168f6286d8c2b39b1b -> f7852236285a575d57e2eeac0399d370
  custom:container-demuxer-ogg: 62fdf1f143b41e24485cea50d1cbac27 -> 
  custom:video-codec-MediaFoundation-h265: 746d11721c4dcdbdad8f713fa42b33f4 -> 
  custom:scripting/monoscript/fileName/PPFXCountdownDestruct.cs: 2ecb94c794ba0bc70752c568be1da754 -> ca6f71fe1c77e9cc78e0b123279310e6
  custom:video-decoder-ogg-theora: a1e56fd34408186e4bbccfd4996cb3dc -> 
  custom:framework-win-MediaFoundation: 216162199b28c13a410421893ffa2e32 -> 
  custom:scripting/monoscript/fileName/PPFXDemoScene.cs: 37c78cc44a0dd4e3a9bea302a1bebd4e -> 94a2c871f776b3d787638c187cadb6df
  custom:scripting/monoscript/fileName/PPFXRigidBodyExtensions.cs: f7f007bbd697c212dde5cc8863ca12e3 -> 4a61ecb7fdefea2ccf4fa09981472588
  custom:scripting/monoscript/fileName/PPFXLightFlare.cs: e0478e411c895c20004ef3c874b44c91 -> c98958a1501eb47212af22ff3c2390bc
  custom:CustomObjectIndexerAttribute: 756ad292c208cfabdd7b50bc23989ffe -> 
  custom:scripting/monoscript/fileName/PPFXSpawnOnClick.cs: fba10e3dc70e012ba792777a50f0cd2f -> f86762cd3e71c728796a465dd1e4871a
  custom:scripting/monoscript/fileName/PPFXClickMove.cs: 33a7f21de52c1169a52cb967f55758fa -> 17d26812daab17e06256efb71519781c
  custom:scripting/monoscript/fileName/PPFXRendererLayer.cs: 687adf03a2b0164ce27913a4e2c02596 -> 06082c2a0568d69a01dcccdd5adbaac1
  custom:container-demuxer-webm: 4f35f7cbe854078d1ac9338744f61a02 -> 
  custom:scripting/monoscript/fileName/PPFXPhysicForce.cs: b38a210e5df29d696e7e3ef0b4cb36d2 -> 5c22cd39c4c793bcd99a10e76ddb52ce
  custom:scripting/monoscript/fileName/GunsMenu.cs: 0bc1edf6ed57c0bab43ed725d1f1ba4d -> 5944559c0cd4f7d33c7e6d0018381d8d
  custom:container-muxer-webm: aa71ff27fc2769a1b78a27578f13a17b -> 
  custom:video-decoder-webm-vp8: 9c59270c3fd7afecdb556c50c9e8de78 -> 
  custom:SearchIndexIgnoredProperties: e643bd26f0fe6173181afceb89e7c659 -> 
  custom:AudioImporter_EditorPlatform: d09bf68614088b80899f8185d706f6e7 -> 
  custom:scripting/monoscript/fileName/PPFXScale.cs: 271dfb1f108da6ee9d73dc0d02031115 -> 8d46b7e9e5e873feac2cb950c0b0deef
  custom:scripting/monoscript/fileName/PPFXRandomPosition.cs: c7e433cd8b6514f4871ee5c76882faf0 -> 18a453d91b98cbb7470a2853b3f7be33
  custom:scripting/monoscript/fileName/PPFXMeteor.cs: 144561c2b5e2198f0f06d2c2be5f999d -> 33b0bcf0925810fdb67c1cc7fe2c04a6
  custom:scripting/monoscript/fileName/GunView.cs: 1e03f80d6e785d26a1193ab50381dd86 -> 739f97972279064867911384b927bafd
  custom:scripting/monoscript/fileName/PPFXWindow.cs: 4407e0a7fcb8108dbf05f06d2b2b7ada -> 15219bf349c0a372959394b7c8f453e6
  custom:video-encoder-webm-vp8: eb34c28f22e8b96e1ab97ce403110664 -> 
  custom:audio-decoder-ogg-vorbis: bf7c407c2cedff20999df2af8eb42d56 -> 
  custom:scripting/monoscript/fileName/PPFXClickMoveSmooth.cs: df436754324e4f4c030919c5b14f1a2e -> 4973fdbef818482a41de97a85e4f1a05
  custom:scripting/monoscript/fileName/PPFXAutodestruct.cs: e949517492890d6beb218b5d33df2c03 -> 7dbd36ee087d356893ddda07d57f71c8
  custom:scripting/monoscript/fileName/PPFXChainReactionInspector.cs: 1c187c98e398caafa2a8884cb77b7b69 -> f327128b1757b7febad772264aa456f3
  custom:scripting/monoscript/fileName/PPFXChainReaction.cs: 4e31feb8000dbf72e9827826ee9f716d -> a8f041181bce30446dc4769b77f7d35e
  custom:audio-encoder-webm-vorbis: bf7c407c2cedff20999df2af8eb42d56 -> 
  custom:scripting/monoscript/fileName/PPFXRendererLayerEditor.cs: eeef6dc9d636d826f4f34fea1f50cbcb -> 2ba7f2bbab69c096a8d582ef072f2a01
========================================================================
Received Prepare
Begin MonoManager ReloadAssembly
- Loaded All Assemblies, in  0.558 seconds
Refreshing native plugins compatible for Editor in 3.84 ms, found 3 plugins.
Native extension for WindowsStandalone target not found
Native extension for WebGL target not found
[Package Manager] Server::EnsureServerProcessIsRunning -- launch failed, reason: Unity was launched with the -noUpm command-line argument
[Package Manager] UpmClient::Send -- Unable to send message (not connected to UPM process).
[Package Manager] Cannot connect to Unity Package Manager local server
Mono: successfully reloaded assembly
- Finished resetting the current domain, in  1.147 seconds
Domain Reload Profiling: 1701ms
	BeginReloadAssembly (193ms)
		ExecutionOrderSort (0ms)
		DisableScriptedObjects (7ms)
		BackupInstance (0ms)
		ReleaseScriptingObjects (0ms)
		CreateAndSetChildDomain (39ms)
	RebuildCommonClasses (44ms)
	RebuildNativeTypeToScriptingClass (14ms)
	initialDomainReloadingComplete (41ms)
	LoadAllAssembliesAndSetupDomain (261ms)
		LoadAssemblies (356ms)
		RebuildTransferFunctionScriptingTraits (0ms)
		AnalyzeDomain (15ms)
			TypeCache.Refresh (7ms)
				TypeCache.ScanAssembly (0ms)
			ScanForSourceGeneratedMonoScriptInfo (0ms)
			ResolveRequiredComponents (6ms)
	FinalizeReload (1148ms)
		ReleaseScriptCaches (0ms)
		RebuildScriptCaches (0ms)
		SetupLoadedEditorAssemblies (488ms)
			LogAssemblyErrors (0ms)
			InitializePlatformSupportModulesInManaged (10ms)
			SetLoadedEditorAssemblies (7ms)
			RefreshPlugins (0ms)
			BeforeProcessingInitializeOnLoad (83ms)
			ProcessInitializeOnLoadAttributes (354ms)
			ProcessInitializeOnLoadMethodAttributes (24ms)
			AfterProcessingInitializeOnLoad (10ms)
			EditorAssembliesLoaded (0ms)
		ExecutionOrderSort2 (0ms)
		AwakeInstancesAfterBackupRestoration (10ms)
Refreshing native plugins compatible for Editor in 6.46 ms, found 3 plugins.
Preloading 0 native plugins for Editor in 0.00 ms.
Unloading 3188 Unused Serialized files (Serialized files now loaded: 0)
Unloading 29 unused Assets / (0.8 MB). Loaded Objects now: 3726.
Memory consumption went from 136.2 MB to 135.4 MB.
Total: 4.514900 ms (FindLiveObjects: 0.358100 ms CreateObjectMapping: 0.116500 ms MarkObjects: 3.666200 ms  DeleteObjects: 0.372400 ms)

Prepare: number of updated asset objects reloaded= 0
AssetImportParameters requested are different than current active one (requested -> active):
  custom:scripting/monoscript/fileName/PPFXShockwave.cs: 100e98f2444a4f168f6286d8c2b39b1b -> f7852236285a575d57e2eeac0399d370
  custom:container-demuxer-ogg: 62fdf1f143b41e24485cea50d1cbac27 -> 
  custom:video-codec-MediaFoundation-h265: 746d11721c4dcdbdad8f713fa42b33f4 -> 
  custom:scripting/monoscript/fileName/PPFXCountdownDestruct.cs: 2ecb94c794ba0bc70752c568be1da754 -> ca6f71fe1c77e9cc78e0b123279310e6
  custom:video-decoder-ogg-theora: a1e56fd34408186e4bbccfd4996cb3dc -> 
  custom:framework-win-MediaFoundation: 216162199b28c13a410421893ffa2e32 -> 
  custom:scripting/monoscript/fileName/PPFXDemoScene.cs: 37c78cc44a0dd4e3a9bea302a1bebd4e -> 94a2c871f776b3d787638c187cadb6df
  custom:scripting/monoscript/fileName/PPFXRigidBodyExtensions.cs: f7f007bbd697c212dde5cc8863ca12e3 -> 4a61ecb7fdefea2ccf4fa09981472588
  custom:scripting/monoscript/fileName/PPFXLightFlare.cs: e0478e411c895c20004ef3c874b44c91 -> c98958a1501eb47212af22ff3c2390bc
  custom:CustomObjectIndexerAttribute: 756ad292c208cfabdd7b50bc23989ffe -> 
  custom:scripting/monoscript/fileName/PPFXSpawnOnClick.cs: fba10e3dc70e012ba792777a50f0cd2f -> f86762cd3e71c728796a465dd1e4871a
  custom:scripting/monoscript/fileName/PPFXClickMove.cs: 33a7f21de52c1169a52cb967f55758fa -> 17d26812daab17e06256efb71519781c
  custom:scripting/monoscript/fileName/PPFXRendererLayer.cs: 687adf03a2b0164ce27913a4e2c02596 -> 06082c2a0568d69a01dcccdd5adbaac1
  custom:container-demuxer-webm: 4f35f7cbe854078d1ac9338744f61a02 -> 
  custom:scripting/monoscript/fileName/PPFXPhysicForce.cs: b38a210e5df29d696e7e3ef0b4cb36d2 -> 5c22cd39c4c793bcd99a10e76ddb52ce
  custom:scripting/monoscript/fileName/GunsMenu.cs: 0bc1edf6ed57c0bab43ed725d1f1ba4d -> 5944559c0cd4f7d33c7e6d0018381d8d
  custom:container-muxer-webm: aa71ff27fc2769a1b78a27578f13a17b -> 
  custom:video-decoder-webm-vp8: 9c59270c3fd7afecdb556c50c9e8de78 -> 
  custom:SearchIndexIgnoredProperties: e643bd26f0fe6173181afceb89e7c659 -> 
  custom:AudioImporter_EditorPlatform: d09bf68614088b80899f8185d706f6e7 -> 
  custom:scripting/monoscript/fileName/PPFXScale.cs: 271dfb1f108da6ee9d73dc0d02031115 -> 8d46b7e9e5e873feac2cb950c0b0deef
  custom:scripting/monoscript/fileName/PPFXRandomPosition.cs: c7e433cd8b6514f4871ee5c76882faf0 -> 18a453d91b98cbb7470a2853b3f7be33
  custom:scripting/monoscript/fileName/PPFXMeteor.cs: 144561c2b5e2198f0f06d2c2be5f999d -> 33b0bcf0925810fdb67c1cc7fe2c04a6
  custom:scripting/monoscript/fileName/GunView.cs: 1e03f80d6e785d26a1193ab50381dd86 -> 739f97972279064867911384b927bafd
  custom:scripting/monoscript/fileName/PPFXWindow.cs: 4407e0a7fcb8108dbf05f06d2b2b7ada -> 15219bf349c0a372959394b7c8f453e6
  custom:video-encoder-webm-vp8: eb34c28f22e8b96e1ab97ce403110664 -> 
  custom:audio-decoder-ogg-vorbis: bf7c407c2cedff20999df2af8eb42d56 -> 
  custom:scripting/monoscript/fileName/PPFXClickMoveSmooth.cs: df436754324e4f4c030919c5b14f1a2e -> 4973fdbef818482a41de97a85e4f1a05
  custom:scripting/monoscript/fileName/PPFXAutodestruct.cs: e949517492890d6beb218b5d33df2c03 -> 7dbd36ee087d356893ddda07d57f71c8
  custom:scripting/monoscript/fileName/PPFXChainReactionInspector.cs: 1c187c98e398caafa2a8884cb77b7b69 -> f327128b1757b7febad772264aa456f3
  custom:scripting/monoscript/fileName/PPFXChainReaction.cs: 4e31feb8000dbf72e9827826ee9f716d -> a8f041181bce30446dc4769b77f7d35e
  custom:audio-encoder-webm-vorbis: bf7c407c2cedff20999df2af8eb42d56 -> 
  custom:scripting/monoscript/fileName/PPFXRendererLayerEditor.cs: eeef6dc9d636d826f4f34fea1f50cbcb -> 2ba7f2bbab69c096a8d582ef072f2a01
========================================================================
Received Prepare
Begin MonoManager ReloadAssembly
- Loaded All Assemblies, in  0.565 seconds
Refreshing native plugins compatible for Editor in 3.51 ms, found 3 plugins.
Native extension for WindowsStandalone target not found
Native extension for WebGL target not found
[Package Manager] Server::EnsureServerProcessIsRunning -- launch failed, reason: Unity was launched with the -noUpm command-line argument
[Package Manager] UpmClient::Send -- Unable to send message (not connected to UPM process).
[Package Manager] Cannot connect to Unity Package Manager local server
Mono: successfully reloaded assembly
- Finished resetting the current domain, in  1.134 seconds
Domain Reload Profiling: 1695ms
	BeginReloadAssembly (197ms)
		ExecutionOrderSort (0ms)
		DisableScriptedObjects (8ms)
		BackupInstance (0ms)
		ReleaseScriptingObjects (0ms)
		CreateAndSetChildDomain (37ms)
	RebuildCommonClasses (42ms)
	RebuildNativeTypeToScriptingClass (13ms)
	initialDomainReloadingComplete (38ms)
	LoadAllAssembliesAndSetupDomain (269ms)
		LoadAssemblies (366ms)
		RebuildTransferFunctionScriptingTraits (0ms)
		AnalyzeDomain (15ms)
			TypeCache.Refresh (7ms)
				TypeCache.ScanAssembly (0ms)
			ScanForSourceGeneratedMonoScriptInfo (0ms)
			ResolveRequiredComponents (6ms)
	FinalizeReload (1135ms)
		ReleaseScriptCaches (0ms)
		RebuildScriptCaches (0ms)
		SetupLoadedEditorAssemblies (496ms)
			LogAssemblyErrors (0ms)
			InitializePlatformSupportModulesInManaged (11ms)
			SetLoadedEditorAssemblies (8ms)
			RefreshPlugins (0ms)
			BeforeProcessingInitializeOnLoad (89ms)
			ProcessInitializeOnLoadAttributes (342ms)
			ProcessInitializeOnLoadMethodAttributes (36ms)
			AfterProcessingInitializeOnLoad (10ms)
			EditorAssembliesLoaded (0ms)
		ExecutionOrderSort2 (0ms)
		AwakeInstancesAfterBackupRestoration (10ms)
Refreshing native plugins compatible for Editor in 6.48 ms, found 3 plugins.
Preloading 0 native plugins for Editor in 0.00 ms.
Unloading 3188 Unused Serialized files (Serialized files now loaded: 0)
Unloading 29 unused Assets / (0.8 MB). Loaded Objects now: 3729.
Memory consumption went from 136.2 MB to 135.4 MB.
Total: 6.629100 ms (FindLiveObjects: 0.479400 ms CreateObjectMapping: 0.242100 ms MarkObjects: 5.348500 ms  DeleteObjects: 0.550200 ms)

Prepare: number of updated asset objects reloaded= 0
AssetImportParameters requested are different than current active one (requested -> active):
  custom:scripting/monoscript/fileName/PPFXShockwave.cs: 100e98f2444a4f168f6286d8c2b39b1b -> f7852236285a575d57e2eeac0399d370
  custom:container-demuxer-ogg: 62fdf1f143b41e24485cea50d1cbac27 -> 
  custom:video-codec-MediaFoundation-h265: 746d11721c4dcdbdad8f713fa42b33f4 -> 
  custom:scripting/monoscript/fileName/PPFXCountdownDestruct.cs: 2ecb94c794ba0bc70752c568be1da754 -> ca6f71fe1c77e9cc78e0b123279310e6
  custom:video-decoder-ogg-theora: a1e56fd34408186e4bbccfd4996cb3dc -> 
  custom:framework-win-MediaFoundation: 216162199b28c13a410421893ffa2e32 -> 
  custom:scripting/monoscript/fileName/PPFXDemoScene.cs: 37c78cc44a0dd4e3a9bea302a1bebd4e -> 94a2c871f776b3d787638c187cadb6df
  custom:scripting/monoscript/fileName/PPFXRigidBodyExtensions.cs: f7f007bbd697c212dde5cc8863ca12e3 -> 4a61ecb7fdefea2ccf4fa09981472588
  custom:scripting/monoscript/fileName/PPFXLightFlare.cs: e0478e411c895c20004ef3c874b44c91 -> c98958a1501eb47212af22ff3c2390bc
  custom:CustomObjectIndexerAttribute: 756ad292c208cfabdd7b50bc23989ffe -> 
  custom:scripting/monoscript/fileName/PPFXSpawnOnClick.cs: fba10e3dc70e012ba792777a50f0cd2f -> f86762cd3e71c728796a465dd1e4871a
  custom:scripting/monoscript/fileName/PPFXClickMove.cs: 33a7f21de52c1169a52cb967f55758fa -> 17d26812daab17e06256efb71519781c
  custom:scripting/monoscript/fileName/PPFXRendererLayer.cs: 687adf03a2b0164ce27913a4e2c02596 -> 06082c2a0568d69a01dcccdd5adbaac1
  custom:container-demuxer-webm: 4f35f7cbe854078d1ac9338744f61a02 -> 
  custom:scripting/monoscript/fileName/PPFXPhysicForce.cs: b38a210e5df29d696e7e3ef0b4cb36d2 -> 5c22cd39c4c793bcd99a10e76ddb52ce
  custom:scripting/monoscript/fileName/GunsMenu.cs: 0bc1edf6ed57c0bab43ed725d1f1ba4d -> 5944559c0cd4f7d33c7e6d0018381d8d
  custom:container-muxer-webm: aa71ff27fc2769a1b78a27578f13a17b -> 
  custom:video-decoder-webm-vp8: 9c59270c3fd7afecdb556c50c9e8de78 -> 
  custom:SearchIndexIgnoredProperties: e643bd26f0fe6173181afceb89e7c659 -> 
  custom:AudioImporter_EditorPlatform: d09bf68614088b80899f8185d706f6e7 -> 
  custom:scripting/monoscript/fileName/PPFXScale.cs: 271dfb1f108da6ee9d73dc0d02031115 -> 8d46b7e9e5e873feac2cb950c0b0deef
  custom:scripting/monoscript/fileName/PPFXRandomPosition.cs: c7e433cd8b6514f4871ee5c76882faf0 -> 18a453d91b98cbb7470a2853b3f7be33
  custom:scripting/monoscript/fileName/PPFXMeteor.cs: 144561c2b5e2198f0f06d2c2be5f999d -> 33b0bcf0925810fdb67c1cc7fe2c04a6
  custom:scripting/monoscript/fileName/GunView.cs: 1e03f80d6e785d26a1193ab50381dd86 -> 739f97972279064867911384b927bafd
  custom:scripting/monoscript/fileName/PPFXWindow.cs: 4407e0a7fcb8108dbf05f06d2b2b7ada -> 15219bf349c0a372959394b7c8f453e6
  custom:video-encoder-webm-vp8: eb34c28f22e8b96e1ab97ce403110664 -> 
  custom:audio-decoder-ogg-vorbis: bf7c407c2cedff20999df2af8eb42d56 -> 
  custom:scripting/monoscript/fileName/PPFXClickMoveSmooth.cs: df436754324e4f4c030919c5b14f1a2e -> 4973fdbef818482a41de97a85e4f1a05
  custom:scripting/monoscript/fileName/PPFXAutodestruct.cs: e949517492890d6beb218b5d33df2c03 -> 7dbd36ee087d356893ddda07d57f71c8
  custom:scripting/monoscript/fileName/PPFXChainReactionInspector.cs: 1c187c98e398caafa2a8884cb77b7b69 -> f327128b1757b7febad772264aa456f3
  custom:scripting/monoscript/fileName/PPFXChainReaction.cs: 4e31feb8000dbf72e9827826ee9f716d -> a8f041181bce30446dc4769b77f7d35e
  custom:audio-encoder-webm-vorbis: bf7c407c2cedff20999df2af8eb42d56 -> 
  custom:scripting/monoscript/fileName/PPFXRendererLayerEditor.cs: eeef6dc9d636d826f4f34fea1f50cbcb -> 2ba7f2bbab69c096a8d582ef072f2a01
========================================================================
Received Prepare
Begin MonoManager ReloadAssembly
- Loaded All Assemblies, in  0.547 seconds
Refreshing native plugins compatible for Editor in 4.19 ms, found 3 plugins.
Native extension for WindowsStandalone target not found
Native extension for WebGL target not found
[Package Manager] Server::EnsureServerProcessIsRunning -- launch failed, reason: Unity was launched with the -noUpm command-line argument
[Package Manager] UpmClient::Send -- Unable to send message (not connected to UPM process).
[Package Manager] Cannot connect to Unity Package Manager local server
Mono: successfully reloaded assembly
- Finished resetting the current domain, in  1.120 seconds
Domain Reload Profiling: 1664ms
	BeginReloadAssembly (194ms)
		ExecutionOrderSort (0ms)
		DisableScriptedObjects (7ms)
		BackupInstance (0ms)
		ReleaseScriptingObjects (0ms)
		CreateAndSetChildDomain (38ms)
	RebuildCommonClasses (42ms)
	RebuildNativeTypeToScriptingClass (14ms)
	initialDomainReloadingComplete (39ms)
	LoadAllAssembliesAndSetupDomain (254ms)
		LoadAssemblies (350ms)
		RebuildTransferFunctionScriptingTraits (0ms)
		AnalyzeDomain (15ms)
			TypeCache.Refresh (8ms)
				TypeCache.ScanAssembly (0ms)
			ScanForSourceGeneratedMonoScriptInfo (0ms)
			ResolveRequiredComponents (6ms)
	FinalizeReload (1121ms)
		ReleaseScriptCaches (0ms)
		RebuildScriptCaches (0ms)
		SetupLoadedEditorAssemblies (466ms)
			LogAssemblyErrors (0ms)
			InitializePlatformSupportModulesInManaged (10ms)
			SetLoadedEditorAssemblies (6ms)
			RefreshPlugins (0ms)
			BeforeProcessingInitializeOnLoad (78ms)
			ProcessInitializeOnLoadAttributes (341ms)
			ProcessInitializeOnLoadMethodAttributes (22ms)
			AfterProcessingInitializeOnLoad (8ms)
			EditorAssembliesLoaded (0ms)
		ExecutionOrderSort2 (0ms)
		AwakeInstancesAfterBackupRestoration (9ms)
Refreshing native plugins compatible for Editor in 6.25 ms, found 3 plugins.
Preloading 0 native plugins for Editor in 0.00 ms.
Unloading 3188 Unused Serialized files (Serialized files now loaded: 0)
Unloading 29 unused Assets / (0.8 MB). Loaded Objects now: 3732.
Memory consumption went from 136.2 MB to 135.4 MB.
Total: 4.576600 ms (FindLiveObjects: 0.238600 ms CreateObjectMapping: 0.216400 ms MarkObjects: 3.535600 ms  DeleteObjects: 0.584500 ms)

Prepare: number of updated asset objects reloaded= 0
AssetImportParameters requested are different than current active one (requested -> active):
  custom:scripting/monoscript/fileName/PPFXShockwave.cs: 100e98f2444a4f168f6286d8c2b39b1b -> f7852236285a575d57e2eeac0399d370
  custom:container-demuxer-ogg: 62fdf1f143b41e24485cea50d1cbac27 -> 
  custom:video-codec-MediaFoundation-h265: 746d11721c4dcdbdad8f713fa42b33f4 -> 
  custom:scripting/monoscript/fileName/PPFXCountdownDestruct.cs: 2ecb94c794ba0bc70752c568be1da754 -> ca6f71fe1c77e9cc78e0b123279310e6
  custom:video-decoder-ogg-theora: a1e56fd34408186e4bbccfd4996cb3dc -> 
  custom:framework-win-MediaFoundation: 216162199b28c13a410421893ffa2e32 -> 
  custom:scripting/monoscript/fileName/PPFXDemoScene.cs: 37c78cc44a0dd4e3a9bea302a1bebd4e -> 94a2c871f776b3d787638c187cadb6df
  custom:scripting/monoscript/fileName/PPFXRigidBodyExtensions.cs: f7f007bbd697c212dde5cc8863ca12e3 -> 4a61ecb7fdefea2ccf4fa09981472588
  custom:scripting/monoscript/fileName/PPFXLightFlare.cs: e0478e411c895c20004ef3c874b44c91 -> c98958a1501eb47212af22ff3c2390bc
  custom:CustomObjectIndexerAttribute: 756ad292c208cfabdd7b50bc23989ffe -> 
  custom:scripting/monoscript/fileName/PPFXSpawnOnClick.cs: fba10e3dc70e012ba792777a50f0cd2f -> f86762cd3e71c728796a465dd1e4871a
  custom:scripting/monoscript/fileName/PPFXClickMove.cs: 33a7f21de52c1169a52cb967f55758fa -> 17d26812daab17e06256efb71519781c
  custom:scripting/monoscript/fileName/PPFXRendererLayer.cs: 687adf03a2b0164ce27913a4e2c02596 -> 06082c2a0568d69a01dcccdd5adbaac1
  custom:container-demuxer-webm: 4f35f7cbe854078d1ac9338744f61a02 -> 
  custom:scripting/monoscript/fileName/PPFXPhysicForce.cs: b38a210e5df29d696e7e3ef0b4cb36d2 -> 5c22cd39c4c793bcd99a10e76ddb52ce
  custom:scripting/monoscript/fileName/GunsMenu.cs: 0bc1edf6ed57c0bab43ed725d1f1ba4d -> 5944559c0cd4f7d33c7e6d0018381d8d
  custom:container-muxer-webm: aa71ff27fc2769a1b78a27578f13a17b -> 
  custom:video-decoder-webm-vp8: 9c59270c3fd7afecdb556c50c9e8de78 -> 
  custom:SearchIndexIgnoredProperties: e643bd26f0fe6173181afceb89e7c659 -> 
  custom:AudioImporter_EditorPlatform: d09bf68614088b80899f8185d706f6e7 -> 
  custom:scripting/monoscript/fileName/PPFXScale.cs: 271dfb1f108da6ee9d73dc0d02031115 -> 8d46b7e9e5e873feac2cb950c0b0deef
  custom:scripting/monoscript/fileName/PPFXRandomPosition.cs: c7e433cd8b6514f4871ee5c76882faf0 -> 18a453d91b98cbb7470a2853b3f7be33
  custom:scripting/monoscript/fileName/PPFXMeteor.cs: 144561c2b5e2198f0f06d2c2be5f999d -> 33b0bcf0925810fdb67c1cc7fe2c04a6
  custom:scripting/monoscript/fileName/GunView.cs: 1e03f80d6e785d26a1193ab50381dd86 -> 739f97972279064867911384b927bafd
  custom:scripting/monoscript/fileName/PPFXWindow.cs: 4407e0a7fcb8108dbf05f06d2b2b7ada -> 15219bf349c0a372959394b7c8f453e6
  custom:video-encoder-webm-vp8: eb34c28f22e8b96e1ab97ce403110664 -> 
  custom:audio-decoder-ogg-vorbis: bf7c407c2cedff20999df2af8eb42d56 -> 
  custom:scripting/monoscript/fileName/PPFXClickMoveSmooth.cs: df436754324e4f4c030919c5b14f1a2e -> 4973fdbef818482a41de97a85e4f1a05
  custom:scripting/monoscript/fileName/PPFXAutodestruct.cs: e949517492890d6beb218b5d33df2c03 -> 7dbd36ee087d356893ddda07d57f71c8
  custom:scripting/monoscript/fileName/PPFXChainReactionInspector.cs: 1c187c98e398caafa2a8884cb77b7b69 -> f327128b1757b7febad772264aa456f3
  custom:scripting/monoscript/fileName/PPFXChainReaction.cs: 4e31feb8000dbf72e9827826ee9f716d -> a8f041181bce30446dc4769b77f7d35e
  custom:audio-encoder-webm-vorbis: bf7c407c2cedff20999df2af8eb42d56 -> 
  custom:scripting/monoscript/fileName/PPFXRendererLayerEditor.cs: eeef6dc9d636d826f4f34fea1f50cbcb -> 2ba7f2bbab69c096a8d582ef072f2a01
========================================================================
Received Prepare
Begin MonoManager ReloadAssembly
- Loaded All Assemblies, in  0.546 seconds
Refreshing native plugins compatible for Editor in 3.64 ms, found 3 plugins.
Native extension for WindowsStandalone target not found
Native extension for WebGL target not found
[Package Manager] Server::EnsureServerProcessIsRunning -- launch failed, reason: Unity was launched with the -noUpm command-line argument
[Package Manager] UpmClient::Send -- Unable to send message (not connected to UPM process).
[Package Manager] Cannot connect to Unity Package Manager local server
Mono: successfully reloaded assembly
- Finished resetting the current domain, in  1.087 seconds
Domain Reload Profiling: 1630ms
	BeginReloadAssembly (191ms)
		ExecutionOrderSort (0ms)
		DisableScriptedObjects (8ms)
		BackupInstance (0ms)
		ReleaseScriptingObjects (0ms)
		CreateAndSetChildDomain (37ms)
	RebuildCommonClasses (42ms)
	RebuildNativeTypeToScriptingClass (14ms)
	initialDomainReloadingComplete (38ms)
	LoadAllAssembliesAndSetupDomain (256ms)
		LoadAssemblies (346ms)
		RebuildTransferFunctionScriptingTraits (0ms)
		AnalyzeDomain (17ms)
			TypeCache.Refresh (8ms)
				TypeCache.ScanAssembly (0ms)
			ScanForSourceGeneratedMonoScriptInfo (0ms)
			ResolveRequiredComponents (8ms)
	FinalizeReload (1088ms)
		ReleaseScriptCaches (0ms)
		RebuildScriptCaches (0ms)
		SetupLoadedEditorAssemblies (470ms)
			LogAssemblyErrors (0ms)
			InitializePlatformSupportModulesInManaged (10ms)
			SetLoadedEditorAssemblies (6ms)
			RefreshPlugins (0ms)
			BeforeProcessingInitializeOnLoad (78ms)
			ProcessInitializeOnLoadAttributes (344ms)
			ProcessInitializeOnLoadMethodAttributes (22ms)
			AfterProcessingInitializeOnLoad (9ms)
			EditorAssembliesLoaded (0ms)
		ExecutionOrderSort2 (0ms)
		AwakeInstancesAfterBackupRestoration (9ms)
Refreshing native plugins compatible for Editor in 5.64 ms, found 3 plugins.
Preloading 0 native plugins for Editor in 0.00 ms.
Unloading 3188 Unused Serialized files (Serialized files now loaded: 0)
Unloading 29 unused Assets / (0.8 MB). Loaded Objects now: 3735.
Memory consumption went from 136.2 MB to 135.4 MB.
Total: 5.150500 ms (FindLiveObjects: 0.361300 ms CreateObjectMapping: 0.209400 ms MarkObjects: 4.061400 ms  DeleteObjects: 0.516100 ms)

Prepare: number of updated asset objects reloaded= 0
AssetImportParameters requested are different than current active one (requested -> active):
  custom:scripting/monoscript/fileName/PPFXShockwave.cs: 100e98f2444a4f168f6286d8c2b39b1b -> f7852236285a575d57e2eeac0399d370
  custom:container-demuxer-ogg: 62fdf1f143b41e24485cea50d1cbac27 -> 
  custom:video-codec-MediaFoundation-h265: 746d11721c4dcdbdad8f713fa42b33f4 -> 
  custom:scripting/monoscript/fileName/PPFXCountdownDestruct.cs: 2ecb94c794ba0bc70752c568be1da754 -> ca6f71fe1c77e9cc78e0b123279310e6
  custom:video-decoder-ogg-theora: a1e56fd34408186e4bbccfd4996cb3dc -> 
  custom:framework-win-MediaFoundation: 216162199b28c13a410421893ffa2e32 -> 
  custom:scripting/monoscript/fileName/PPFXDemoScene.cs: 37c78cc44a0dd4e3a9bea302a1bebd4e -> 94a2c871f776b3d787638c187cadb6df
  custom:scripting/monoscript/fileName/PPFXRigidBodyExtensions.cs: f7f007bbd697c212dde5cc8863ca12e3 -> 4a61ecb7fdefea2ccf4fa09981472588
  custom:scripting/monoscript/fileName/PPFXLightFlare.cs: e0478e411c895c20004ef3c874b44c91 -> c98958a1501eb47212af22ff3c2390bc
  custom:CustomObjectIndexerAttribute: 756ad292c208cfabdd7b50bc23989ffe -> 
  custom:scripting/monoscript/fileName/PPFXSpawnOnClick.cs: fba10e3dc70e012ba792777a50f0cd2f -> f86762cd3e71c728796a465dd1e4871a
  custom:scripting/monoscript/fileName/PPFXClickMove.cs: 33a7f21de52c1169a52cb967f55758fa -> 17d26812daab17e06256efb71519781c
  custom:scripting/monoscript/fileName/PPFXRendererLayer.cs: 687adf03a2b0164ce27913a4e2c02596 -> 06082c2a0568d69a01dcccdd5adbaac1
  custom:container-demuxer-webm: 4f35f7cbe854078d1ac9338744f61a02 -> 
  custom:scripting/monoscript/fileName/PPFXPhysicForce.cs: b38a210e5df29d696e7e3ef0b4cb36d2 -> 5c22cd39c4c793bcd99a10e76ddb52ce
  custom:scripting/monoscript/fileName/GunsMenu.cs: 0bc1edf6ed57c0bab43ed725d1f1ba4d -> 5944559c0cd4f7d33c7e6d0018381d8d
  custom:container-muxer-webm: aa71ff27fc2769a1b78a27578f13a17b -> 
  custom:video-decoder-webm-vp8: 9c59270c3fd7afecdb556c50c9e8de78 -> 
  custom:SearchIndexIgnoredProperties: e643bd26f0fe6173181afceb89e7c659 -> 
  custom:AudioImporter_EditorPlatform: d09bf68614088b80899f8185d706f6e7 -> 
  custom:scripting/monoscript/fileName/PPFXScale.cs: 271dfb1f108da6ee9d73dc0d02031115 -> 8d46b7e9e5e873feac2cb950c0b0deef
  custom:scripting/monoscript/fileName/PPFXRandomPosition.cs: c7e433cd8b6514f4871ee5c76882faf0 -> 18a453d91b98cbb7470a2853b3f7be33
  custom:scripting/monoscript/fileName/PPFXMeteor.cs: 144561c2b5e2198f0f06d2c2be5f999d -> 33b0bcf0925810fdb67c1cc7fe2c04a6
  custom:scripting/monoscript/fileName/GunView.cs: 1e03f80d6e785d26a1193ab50381dd86 -> 739f97972279064867911384b927bafd
  custom:scripting/monoscript/fileName/PPFXWindow.cs: 4407e0a7fcb8108dbf05f06d2b2b7ada -> 15219bf349c0a372959394b7c8f453e6
  custom:video-encoder-webm-vp8: eb34c28f22e8b96e1ab97ce403110664 -> 
  custom:audio-decoder-ogg-vorbis: bf7c407c2cedff20999df2af8eb42d56 -> 
  custom:scripting/monoscript/fileName/PPFXClickMoveSmooth.cs: df436754324e4f4c030919c5b14f1a2e -> 4973fdbef818482a41de97a85e4f1a05
  custom:scripting/monoscript/fileName/PPFXAutodestruct.cs: e949517492890d6beb218b5d33df2c03 -> 7dbd36ee087d356893ddda07d57f71c8
  custom:scripting/monoscript/fileName/PPFXChainReactionInspector.cs: 1c187c98e398caafa2a8884cb77b7b69 -> f327128b1757b7febad772264aa456f3
  custom:scripting/monoscript/fileName/PPFXChainReaction.cs: 4e31feb8000dbf72e9827826ee9f716d -> a8f041181bce30446dc4769b77f7d35e
  custom:audio-encoder-webm-vorbis: bf7c407c2cedff20999df2af8eb42d56 -> 
  custom:scripting/monoscript/fileName/PPFXRendererLayerEditor.cs: eeef6dc9d636d826f4f34fea1f50cbcb -> 2ba7f2bbab69c096a8d582ef072f2a01
