Using pre-set license
Built from '2022.3/staging' branch; Version is '2022.3.8f1 (b5eafc012955) revision 11922172'; Using compiler version '192829333'; Build Type 'Release'
OS: 'Windows 11  (10.0.22621) 64bit Professional' Language: 'en' Physical Memory: 16004 MB
BatchMode: 1, IsHumanControllingUs: 0, StartBugReporterOnCrash: 0, Is64bit: 1, IsPro: 1

COMMAND LINE ARGUMENTS:
C:\Program Files\Unity\Hub\Editor\2022.3.8f1\Editor\Unity.exe
-adb2
-batchMode
-noUpm
-name
AssetImportWorker3
-projectPath
C:/Users/shiven/Desktop/Projects/Balls_game/Darker Forests
-logFile
Logs/AssetImportWorker3.log
-srvPort
61920
Successfully changed project path to: C:/Users/shiven/Desktop/Projects/Balls_game/Darker Forests
C:/Users/shiven/Desktop/Projects/Balls_game/Darker Forests
[UnityMemory] Configuration Parameters - Can be set up in boot.config
    "memorysetup-bucket-allocator-granularity=16"
    "memorysetup-bucket-allocator-bucket-count=8"
    "memorysetup-bucket-allocator-block-size=33554432"
    "memorysetup-bucket-allocator-block-count=8"
    "memorysetup-main-allocator-block-size=16777216"
    "memorysetup-thread-allocator-block-size=16777216"
    "memorysetup-gfx-main-allocator-block-size=16777216"
    "memorysetup-gfx-thread-allocator-block-size=16777216"
    "memorysetup-cache-allocator-block-size=4194304"
    "memorysetup-typetree-allocator-block-size=2097152"
    "memorysetup-profiler-bucket-allocator-granularity=16"
    "memorysetup-profiler-bucket-allocator-bucket-count=8"
    "memorysetup-profiler-bucket-allocator-block-size=33554432"
    "memorysetup-profiler-bucket-allocator-block-count=8"
    "memorysetup-profiler-allocator-block-size=16777216"
    "memorysetup-profiler-editor-allocator-block-size=1048576"
    "memorysetup-temp-allocator-size-main=16777216"
    "memorysetup-job-temp-allocator-block-size=2097152"
    "memorysetup-job-temp-allocator-block-size-background=1048576"
    "memorysetup-job-temp-allocator-reduction-small-platforms=262144"
    "memorysetup-allocator-temp-initial-block-size-main=262144"
    "memorysetup-allocator-temp-initial-block-size-worker=262144"
    "memorysetup-temp-allocator-size-background-worker=32768"
    "memorysetup-temp-allocator-size-job-worker=262144"
    "memorysetup-temp-allocator-size-preload-manager=33554432"
    "memorysetup-temp-allocator-size-nav-mesh-worker=65536"
    "memorysetup-temp-allocator-size-audio-worker=65536"
    "memorysetup-temp-allocator-size-cloud-worker=32768"
    "memorysetup-temp-allocator-size-gi-baking-worker=262144"
    "memorysetup-temp-allocator-size-gfx=262144"
Player connection [29000] Host "[IP] 172.28.80.1 [Port] 0 [Flags] 2 [Guid] 1530832448 [EditorId] 1530832448 [Version] 1048832 [Id] WindowsEditor(7,LAPTOP-COECOK03) [Debug] 1 [PackageName] WindowsEditor [ProjectName] Editor" joined multi-casting on [225.0.0.222:54997]...

Player connection [29000] Host "[IP] 172.28.80.1 [Port] 0 [Flags] 2 [Guid] 1530832448 [EditorId] 1530832448 [Version] 1048832 [Id] WindowsEditor(7,LAPTOP-COECOK03) [Debug] 1 [PackageName] WindowsEditor [ProjectName] Editor" joined alternative multi-casting on [225.0.0.222:34997]...

[Physics::Module] Initialized MultithreadedJobDispatcher with 19 workers.
Refreshing native plugins compatible for Editor in 223.94 ms, found 3 plugins.
Preloading 0 native plugins for Editor in 0.00 ms.
Initialize engine version: 2022.3.8f1 (b5eafc012955)
[Subsystems] Discovering subsystems at path C:/Program Files/Unity/Hub/Editor/2022.3.8f1/Editor/Data/Resources/UnitySubsystems
[Subsystems] Discovering subsystems at path C:/Users/shiven/Desktop/Projects/Balls_game/Darker Forests/Assets
GfxDevice: creating device client; threaded=0; jobified=0
Direct3D:
    Version:  Direct3D 11.0 [level 11.1]
    Renderer: NVIDIA GeForce RTX 3060 Laptop GPU (ID=0x2520)
    Vendor:   NVIDIA
    VRAM:     6010 MB
    Driver:   31.0.15.4628
Initialize mono
Mono path[0] = 'C:/Program Files/Unity/Hub/Editor/2022.3.8f1/Editor/Data/Managed'
Mono path[1] = 'C:/Program Files/Unity/Hub/Editor/2022.3.8f1/Editor/Data/MonoBleedingEdge/lib/mono/unityjit-win32'
Mono config path = 'C:/Program Files/Unity/Hub/Editor/2022.3.8f1/Editor/Data/MonoBleedingEdge/etc'
Using monoOptions --debugger-agent=transport=dt_socket,embedding=1,server=y,suspend=n,address=127.0.0.1:56452
Begin MonoManager ReloadAssembly
Registering precompiled unity dll's ...
Register platform support module: C:/Program Files/Unity/Hub/Editor/2022.3.8f1/Editor/Data/PlaybackEngines/WebGLSupport/UnityEditor.WebGL.Extensions.dll
Register platform support module: C:/Program Files/Unity/Hub/Editor/2022.3.8f1/Editor/Data/PlaybackEngines/WindowsStandaloneSupport/UnityEditor.WindowsStandalone.Extensions.dll
Registered in 0.014665 seconds.
- Loaded All Assemblies, in  0.503 seconds
Native extension for WindowsStandalone target not found
Native extension for WebGL target not found
Mono: successfully reloaded assembly
- Finished resetting the current domain, in  0.368 seconds
Domain Reload Profiling: 868ms
	BeginReloadAssembly (156ms)
		ExecutionOrderSort (0ms)
		DisableScriptedObjects (0ms)
		BackupInstance (0ms)
		ReleaseScriptingObjects (0ms)
		CreateAndSetChildDomain (1ms)
	RebuildCommonClasses (48ms)
	RebuildNativeTypeToScriptingClass (14ms)
	initialDomainReloadingComplete (88ms)
	LoadAllAssembliesAndSetupDomain (193ms)
		LoadAssemblies (152ms)
		RebuildTransferFunctionScriptingTraits (0ms)
		AnalyzeDomain (191ms)
			TypeCache.Refresh (189ms)
				TypeCache.ScanAssembly (172ms)
			ScanForSourceGeneratedMonoScriptInfo (0ms)
			ResolveRequiredComponents (1ms)
	FinalizeReload (368ms)
		ReleaseScriptCaches (0ms)
		RebuildScriptCaches (0ms)
		SetupLoadedEditorAssemblies (287ms)
			LogAssemblyErrors (0ms)
			InitializePlatformSupportModulesInManaged (14ms)
			SetLoadedEditorAssemblies (8ms)
			RefreshPlugins (0ms)
			BeforeProcessingInitializeOnLoad (3ms)
			ProcessInitializeOnLoadAttributes (178ms)
			ProcessInitializeOnLoadMethodAttributes (85ms)
			AfterProcessingInitializeOnLoad (0ms)
			EditorAssembliesLoaded (0ms)
		ExecutionOrderSort2 (0ms)
		AwakeInstancesAfterBackupRestoration (0ms)
========================================================================
Worker process is ready to serve import requests
Begin MonoManager ReloadAssembly
- Loaded All Assemblies, in  0.886 seconds
Refreshing native plugins compatible for Editor in 3.73 ms, found 3 plugins.
Native extension for WindowsStandalone target not found
Native extension for WebGL target not found
Package Manager log level set to [2]
[Package Manager] Server::EnsureServerProcessIsRunning -- launch failed, reason: Unity was launched with the -noUpm command-line argument
[Package Manager] UpmClient::Send -- Unable to send message (not connected to UPM process).
[Package Manager] Cannot connect to Unity Package Manager local server
Mono: successfully reloaded assembly
- Finished resetting the current domain, in  0.890 seconds
Domain Reload Profiling: 1771ms
	BeginReloadAssembly (215ms)
		ExecutionOrderSort (0ms)
		DisableScriptedObjects (7ms)
		BackupInstance (0ms)
		ReleaseScriptingObjects (0ms)
		CreateAndSetChildDomain (26ms)
	RebuildCommonClasses (45ms)
	RebuildNativeTypeToScriptingClass (14ms)
	initialDomainReloadingComplete (65ms)
	LoadAllAssembliesAndSetupDomain (541ms)
		LoadAssemblies (450ms)
		RebuildTransferFunctionScriptingTraits (0ms)
		AnalyzeDomain (224ms)
			TypeCache.Refresh (198ms)
				TypeCache.ScanAssembly (180ms)
			ScanForSourceGeneratedMonoScriptInfo (19ms)
			ResolveRequiredComponents (5ms)
	FinalizeReload (891ms)
		ReleaseScriptCaches (0ms)
		RebuildScriptCaches (0ms)
		SetupLoadedEditorAssemblies (691ms)
			LogAssemblyErrors (0ms)
			InitializePlatformSupportModulesInManaged (11ms)
			SetLoadedEditorAssemblies (6ms)
			RefreshPlugins (0ms)
			BeforeProcessingInitializeOnLoad (83ms)
			ProcessInitializeOnLoadAttributes (557ms)
			ProcessInitializeOnLoadMethodAttributes (23ms)
			AfterProcessingInitializeOnLoad (11ms)
			EditorAssembliesLoaded (0ms)
		ExecutionOrderSort2 (0ms)
		AwakeInstancesAfterBackupRestoration (12ms)
Launched and connected shader compiler UnityShaderCompiler.exe after 0.14 seconds
Refreshing native plugins compatible for Editor in 7.79 ms, found 3 plugins.
Preloading 0 native plugins for Editor in 0.00 ms.
Unloading 3215 Unused Serialized files (Serialized files now loaded: 0)
Unloading 38 unused Assets / (0.8 MB). Loaded Objects now: 3693.
Memory consumption went from 146.7 MB to 145.9 MB.
Total: 6.081400 ms (FindLiveObjects: 0.346200 ms CreateObjectMapping: 0.256800 ms MarkObjects: 4.987200 ms  DeleteObjects: 0.489300 ms)

AssetImportParameters requested are different than current active one (requested -> active):
  custom:container-demuxer-ogg: 62fdf1f143b41e24485cea50d1cbac27 -> 
  custom:video-codec-MediaFoundation-h265: 746d11721c4dcdbdad8f713fa42b33f4 -> 
  custom:video-decoder-ogg-theora: a1e56fd34408186e4bbccfd4996cb3dc -> 
  custom:framework-win-MediaFoundation: 216162199b28c13a410421893ffa2e32 -> 
  custom:CustomObjectIndexerAttribute: 756ad292c208cfabdd7b50bc23989ffe -> 
  custom:container-demuxer-webm: 4f35f7cbe854078d1ac9338744f61a02 -> 
  custom:container-muxer-webm: aa71ff27fc2769a1b78a27578f13a17b -> 
  custom:video-decoder-webm-vp8: 9c59270c3fd7afecdb556c50c9e8de78 -> 
  custom:SearchIndexIgnoredProperties: e643bd26f0fe6173181afceb89e7c659 -> 
  custom:AudioImporter_EditorPlatform: d09bf68614088b80899f8185d706f6e7 -> 
  custom:video-encoder-webm-vp8: eb34c28f22e8b96e1ab97ce403110664 -> 
  custom:audio-decoder-ogg-vorbis: bf7c407c2cedff20999df2af8eb42d56 -> 
  custom:audio-encoder-webm-vorbis: bf7c407c2cedff20999df2af8eb42d56 -> 
========================================================================
Received Import Request.
  Time since last request: 255672.072574 seconds.
  path: Assets/Imported Assets/Freeui/ZOSMA/Main/Back/Foldingpaper.png
  artifactKey: Guid(b17a705b1fccb414c9a1ca863d3ff64b) Importer(815301076,1909f56bfc062723c751e8b465ee728b)
Start importing Assets/Imported Assets/Freeui/ZOSMA/Main/Back/Foldingpaper.png using Guid(b17a705b1fccb414c9a1ca863d3ff64b) Importer(815301076,1909f56bfc062723c751e8b465ee728b)  -> (artifact id: '6bb237f3a511c52503a95afa5829c601') in 0.158794 seconds
Number of updated asset objects reloaded before import = 0
Number of asset objects unloaded after import = 3
========================================================================
Received Import Request.
  Time since last request: 0.000029 seconds.
  path: Assets/Imported Assets/Freeui/ZOSMA/Main/Back/Rightupside.png
  artifactKey: Guid(1d28e361e0befb14ba77f2e74c8bfe83) Importer(815301076,1909f56bfc062723c751e8b465ee728b)
Start importing Assets/Imported Assets/Freeui/ZOSMA/Main/Back/Rightupside.png using Guid(1d28e361e0befb14ba77f2e74c8bfe83) Importer(815301076,1909f56bfc062723c751e8b465ee728b)  -> (artifact id: 'bc5bca4b8cbf5e2698f73447436d15b7') in 0.042531 seconds
Number of updated asset objects reloaded before import = 0
Number of asset objects unloaded after import = 3
========================================================================
Received Import Request.
  Time since last request: 0.000135 seconds.
  path: Assets/Imported Assets/Freeui/ZOSMA/Main/Back/RIghtdownside.png
  artifactKey: Guid(0919efc52c563654385e36a9ea1c61b7) Importer(815301076,1909f56bfc062723c751e8b465ee728b)
Start importing Assets/Imported Assets/Freeui/ZOSMA/Main/Back/RIghtdownside.png using Guid(0919efc52c563654385e36a9ea1c61b7) Importer(815301076,1909f56bfc062723c751e8b465ee728b)  -> (artifact id: '6000cf7cfff608653ec6316cddfd186b') in 0.039399 seconds
Number of updated asset objects reloaded before import = 0
Number of asset objects unloaded after import = 3
========================================================================
Received Import Request.
  Time since last request: 40.462618 seconds.
  path: Assets/Imported Assets/Freeui/ZOSMA/Set/Back.png
  artifactKey: Guid(7b20bd7c1d6bf0a4c9eb3ffdd7bd421f) Importer(815301076,1909f56bfc062723c751e8b465ee728b)
Start importing Assets/Imported Assets/Freeui/ZOSMA/Set/Back.png using Guid(7b20bd7c1d6bf0a4c9eb3ffdd7bd421f) Importer(815301076,1909f56bfc062723c751e8b465ee728b)  -> (artifact id: 'd83c6676a9645997d9e4730c67afeda2') in 0.053354 seconds
Number of updated asset objects reloaded before import = 0
Number of asset objects unloaded after import = 3
========================================================================
Received Import Request.
  Time since last request: 0.000318 seconds.
  path: Assets/Imported Assets/Freeui/ZOSMA/Set/Volume.png
  artifactKey: Guid(7985eed980bbd5e4e930a40ca40e65d6) Importer(815301076,1909f56bfc062723c751e8b465ee728b)
Start importing Assets/Imported Assets/Freeui/ZOSMA/Set/Volume.png using Guid(7985eed980bbd5e4e930a40ca40e65d6) Importer(815301076,1909f56bfc062723c751e8b465ee728b)  -> (artifact id: 'ef4aaba3e4f06e55499edd6574319352') in 0.037137 seconds
Number of updated asset objects reloaded before import = 0
Number of asset objects unloaded after import = 3
========================================================================
Received Import Request.
  Time since last request: 0.000108 seconds.
  path: Assets/Imported Assets/Freeui/ZOSMA/Set/Contact.png
  artifactKey: Guid(5db1bde7a64170a46a40a06ff2bf8083) Importer(815301076,1909f56bfc062723c751e8b465ee728b)
Start importing Assets/Imported Assets/Freeui/ZOSMA/Set/Contact.png using Guid(5db1bde7a64170a46a40a06ff2bf8083) Importer(815301076,1909f56bfc062723c751e8b465ee728b)  -> (artifact id: '659b444acf6b47a367fde6860e64ecb7') in 0.036620 seconds
Number of updated asset objects reloaded before import = 0
Number of asset objects unloaded after import = 3
========================================================================
Received Import Request.
  Time since last request: 0.000048 seconds.
  path: Assets/Imported Assets/Freeui/ZOSMA/Set/Credit.png
  artifactKey: Guid(f4193b45fcf3590498c2f3203a5bb4f2) Importer(815301076,1909f56bfc062723c751e8b465ee728b)
Start importing Assets/Imported Assets/Freeui/ZOSMA/Set/Credit.png using Guid(f4193b45fcf3590498c2f3203a5bb4f2) Importer(815301076,1909f56bfc062723c751e8b465ee728b)  -> (artifact id: '15c5686ae48e2d034038a33904ac7ac7') in 0.032562 seconds
Number of updated asset objects reloaded before import = 0
Number of asset objects unloaded after import = 3
========================================================================
Received Import Request.
  Time since last request: 0.000054 seconds.
  path: Assets/Imported Assets/Freeui/ZOSMA/Set/Decive.png
  artifactKey: Guid(96aea05a190fd204ea116d5ad834fc3e) Importer(815301076,1909f56bfc062723c751e8b465ee728b)
Start importing Assets/Imported Assets/Freeui/ZOSMA/Set/Decive.png using Guid(96aea05a190fd204ea116d5ad834fc3e) Importer(815301076,1909f56bfc062723c751e8b465ee728b)  -> (artifact id: '02fab927fe6ea8faa26216ff46ee795f') in 0.032740 seconds
Number of updated asset objects reloaded before import = 0
Number of asset objects unloaded after import = 3
========================================================================
Received Import Request.
  Time since last request: 0.000048 seconds.
  path: Assets/Imported Assets/Freeui/ZOSMA/Set/Namebotton02.png
  artifactKey: Guid(bd0195086f379264ead3d25d065bf297) Importer(815301076,1909f56bfc062723c751e8b465ee728b)
Start importing Assets/Imported Assets/Freeui/ZOSMA/Set/Namebotton02.png using Guid(bd0195086f379264ead3d25d065bf297) Importer(815301076,1909f56bfc062723c751e8b465ee728b)  -> (artifact id: '912e8c6ac1768644e69ef3187d71c74f') in 0.045523 seconds
Number of updated asset objects reloaded before import = 0
Number of asset objects unloaded after import = 3
========================================================================
Received Import Request.
  Time since last request: 0.000030 seconds.
  path: Assets/Imported Assets/Freeui/ZOSMA/Set/Resolution.png
  artifactKey: Guid(107efc8b621b7264d941235213296fe9) Importer(815301076,1909f56bfc062723c751e8b465ee728b)
Start importing Assets/Imported Assets/Freeui/ZOSMA/Set/Resolution.png using Guid(107efc8b621b7264d941235213296fe9) Importer(815301076,1909f56bfc062723c751e8b465ee728b)  -> (artifact id: '017183a921eda219a6bf8b5e7bf86549') in 0.030251 seconds
Number of updated asset objects reloaded before import = 0
Number of asset objects unloaded after import = 3
========================================================================
Received Import Request.
  Time since last request: 0.000030 seconds.
  path: Assets/Imported Assets/Freeui/ZOSMA/Set/Close.png
  artifactKey: Guid(3f302b37d4c72954a87f7d7a773b0fb9) Importer(815301076,1909f56bfc062723c751e8b465ee728b)
Start importing Assets/Imported Assets/Freeui/ZOSMA/Set/Close.png using Guid(3f302b37d4c72954a87f7d7a773b0fb9) Importer(815301076,1909f56bfc062723c751e8b465ee728b)  -> (artifact id: '19aec19572065126431c73cdf9bfeede') in 0.030064 seconds
Number of updated asset objects reloaded before import = 0
Number of asset objects unloaded after import = 3
========================================================================
Received Import Request.
  Time since last request: 5.769663 seconds.
  path: Assets/Imported Assets/Freeui/ZOSMA/Stage/Cardline.png
  artifactKey: Guid(803d9b989f0aeac46871527acbb14986) Importer(815301076,1909f56bfc062723c751e8b465ee728b)
Start importing Assets/Imported Assets/Freeui/ZOSMA/Stage/Cardline.png using Guid(803d9b989f0aeac46871527acbb14986) Importer(815301076,1909f56bfc062723c751e8b465ee728b)  -> (artifact id: '3e8c695627be0f5869af39adca01b3e5') in 0.044059 seconds
Number of updated asset objects reloaded before import = 0
Number of asset objects unloaded after import = 3
========================================================================
Received Import Request.
  Time since last request: 0.000025 seconds.
  path: Assets/Imported Assets/Freeui/ZOSMA/Stage/Stage.png
  artifactKey: Guid(64452e98f94a1cc468ec09323dd787c5) Importer(815301076,1909f56bfc062723c751e8b465ee728b)
Start importing Assets/Imported Assets/Freeui/ZOSMA/Stage/Stage.png using Guid(64452e98f94a1cc468ec09323dd787c5) Importer(815301076,1909f56bfc062723c751e8b465ee728b)  -> (artifact id: '027366c32837351a3177f746235233fa') in 0.044215 seconds
Number of updated asset objects reloaded before import = 0
Number of asset objects unloaded after import = 3
========================================================================
Received Import Request.
  Time since last request: 0.000101 seconds.
  path: Assets/Imported Assets/Freeui/ZOSMA/Stage/Stageexplanation__.png
  artifactKey: Guid(c1b5df518ed3d3f4b82534aaa94ac393) Importer(815301076,1909f56bfc062723c751e8b465ee728b)
Start importing Assets/Imported Assets/Freeui/ZOSMA/Stage/Stageexplanation__.png using Guid(c1b5df518ed3d3f4b82534aaa94ac393) Importer(815301076,1909f56bfc062723c751e8b465ee728b)  -> (artifact id: '32b7b9aa0c3a111999bd691a3b963df3') in 0.033170 seconds
Number of updated asset objects reloaded before import = 0
Number of asset objects unloaded after import = 3
Editor requested this worker to shutdown with reason: Scaling down because of idle timeout
TcpMessagingSession - receive error: operation aborted. errorcode: 995, details: The I/O operation has been aborted because of either a thread exit or an application request.
AssetImportWorker is now disconnected from the server
Process exiting
Exiting without the bug reporter. Application will terminate with return code 0